#
# There is insufficient memory for the Java Runtime Environment to continue.
# Native memory allocation (malloc) failed to allocate 291376 bytes for Chunk::new
# Possible reasons:
#   The system is out of physical RAM or swap space
#   The process is running with CompressedOops enabled, and the Java Heap may be blocking the growth of the native heap
# Possible solutions:
#   Reduce memory load on the system
#   Increase physical memory or swap space
#   Check if swap backing store is full
#   Decrease Java heap size (-Xmx/-Xms)
#   Decrease number of Java threads
#   Decrease Java thread stack sizes (-Xss)
#   Set larger code cache with -XX:ReservedCodeCacheSize=
#   JVM is running with Zero Based Compressed Oops mode in which the Java heap is
#     placed in the first 32GB address space. The Java Heap base address is the
#     maximum limit for the native heap growth. Please use -XX:HeapBaseMinAddress
#     to set the Java Heap base and to place the Java Heap above 32GB virtual address.
# This output file may be truncated or incomplete.
#
#  Out of Memory Error (arena.cpp:189), pid=9352, tid=3532
#
# JRE version: Java(TM) SE Runtime Environment (17.0.10+11) (build 17.0.10+11-LTS-240)
# Java VM: Java HotSpot(TM) 64-Bit Server VM (17.0.10+11-LTS-240, mixed mode, sharing, tiered, compressed oops, compressed class ptrs, g1 gc, windows-amd64)
# No core dump will be written. Minidumps are not enabled by default on client versions of Windows
#

---------------  S U M M A R Y ------------

Command Line: -Dnet.bytebuddy.agent.attacher.dump= net.bytebuddy.agent.Attacher com.sun.tools.attach.VirtualMachine 12076 C:\Users\liyb\.m2\repository\net\bytebuddy\byte-buddy-agent\1.14.19\byte-buddy-agent-1.14.19.jar false 

Host: Intel(R) Core(TM) i7-10750H CPU @ 2.60GHz, 12 cores, 15G,  Windows 10 , 64 bit Build 19041 (10.0.19041.1889)
Time: Sat Sep 28 21:05:03 2024  Windows 10 , 64 bit Build 19041 (10.0.19041.1889) elapsed time: 0.104769 seconds (0d 0h 0m 0s)

---------------  T H R E A D  ---------------

Current thread (0x000002536faa7410):  JavaThread "C2 CompilerThread0" daemon [_thread_in_native, id=3532, stack(0x00000055c6400000,0x00000055c6500000)]


Current CompileTask:
C2:    104  267       4       java.io.StreamTokenizer::nextToken (1266 bytes)

Stack: [0x00000055c6400000,0x00000055c6500000]
Native frames: (J=compiled Java code, j=interpreted, Vv=VM code, C=native code)
V  [jvm.dll+0x677a5a]
V  [jvm.dll+0x7d8b2d]
V  [jvm.dll+0x7da48e]
V  [jvm.dll+0x7daaf3]
V  [jvm.dll+0x2455ff]
V  [jvm.dll+0xaaafb]
V  [jvm.dll+0xab09c]
V  [jvm.dll+0x2aafef]
V  [jvm.dll+0x57fd55]
V  [jvm.dll+0x220472]
V  [jvm.dll+0x219070]
V  [jvm.dll+0x216c79]
V  [jvm.dll+0x1a3410]
V  [jvm.dll+0x226aeb]
V  [jvm.dll+0x224cab]
V  [jvm.dll+0x78e45c]
V  [jvm.dll+0x78888a]
V  [jvm.dll+0x676935]
C  [ucrtbase.dll+0x21bb2]
C  [KERNEL32.DLL+0x17034]
C  [ntdll.dll+0x526a1]


---------------  P R O C E S S  ---------------

Threads class SMR info:
_java_thread_list=0x000002536fc3d2f0, length=12, elements={
0x000002536fa1a1e0, 0x000002536fa1af70, 0x000002536fa91f50, 0x000002536fa95940,
0x000002536fa96210, 0x000002536fa9b300, 0x000002536faa7410, 0x000002536faa7dd0,
0x000002536fab6cb0, 0x000002536fab5d80, 0x000002536fab6290, 0x000002536fab71c0
}

Java Threads: ( => current thread )
  0x000002536fa1a1e0 JavaThread "Reference Handler" daemon [_thread_blocked, id=8132, stack(0x00000055c5e00000,0x00000055c5f00000)]
  0x000002536fa1af70 JavaThread "Finalizer" daemon [_thread_blocked, id=1472, stack(0x00000055c5f00000,0x00000055c6000000)]
  0x000002536fa91f50 JavaThread "Signal Dispatcher" daemon [_thread_blocked, id=15988, stack(0x00000055c6000000,0x00000055c6100000)]
  0x000002536fa95940 JavaThread "Attach Listener" daemon [_thread_blocked, id=8716, stack(0x00000055c6100000,0x00000055c6200000)]
  0x000002536fa96210 JavaThread "Service Thread" daemon [_thread_blocked, id=18308, stack(0x00000055c6200000,0x00000055c6300000)]
  0x000002536fa9b300 JavaThread "Monitor Deflation Thread" daemon [_thread_blocked, id=5248, stack(0x00000055c6300000,0x00000055c6400000)]
=>0x000002536faa7410 JavaThread "C2 CompilerThread0" daemon [_thread_in_native, id=3532, stack(0x00000055c6400000,0x00000055c6500000)]
  0x000002536faa7dd0 JavaThread "C1 CompilerThread0" daemon [_thread_blocked, id=10060, stack(0x00000055c6500000,0x00000055c6600000)]
  0x000002536fab6cb0 JavaThread "Sweeper thread" daemon [_thread_blocked, id=8968, stack(0x00000055c6600000,0x00000055c6700000)]
  0x000002536fab5d80 JavaThread "Notification Thread" daemon [_thread_blocked, id=18092, stack(0x00000055c6700000,0x00000055c6800000)]
  0x000002536fab6290 JavaThread "Common-Cleaner" daemon [_thread_blocked, id=7764, stack(0x00000055c6900000,0x00000055c6a00000)]
  0x000002536fab71c0 JavaThread "DestroyJavaVM" [_thread_blocked, id=10472, stack(0x00000055c5700000,0x00000055c5800000)]

Other Threads:
  0x000002536fa146c0 VMThread "VM Thread" [stack: 0x00000055c5d00000,0x00000055c5e00000] [id=6800]
  0x000002534a9d5ab0 WatcherThread [stack: 0x00000055c6800000,0x00000055c6900000] [id=8764]
  0x000002534a9bc500 GCTaskThread "GC Thread#0" [stack: 0x00000055c5800000,0x00000055c5900000] [id=6860]
  0x000002534a9ce040 ConcurrentGCThread "G1 Main Marker" [stack: 0x00000055c5900000,0x00000055c5a00000] [id=11412]
  0x000002534a9cf100 ConcurrentGCThread "G1 Conc#0" [stack: 0x00000055c5a00000,0x00000055c5b00000] [id=10016]
  0x000002534aa2ec30 ConcurrentGCThread "G1 Refine#0" [stack: 0x00000055c5b00000,0x00000055c5c00000] [id=1964]
  0x000002536f8cf880 ConcurrentGCThread "G1 Service" [stack: 0x00000055c5c00000,0x00000055c5d00000] [id=14120]

Threads with active compile tasks:
C2 CompilerThread0      117  267       4       java.io.StreamTokenizer::nextToken (1266 bytes)

VM state: not at safepoint (normal execution)

VM Mutex/Monitor currently owned by a thread: None

Heap address: 0x0000000703200000, size: 4046 MB, Compressed Oops mode: Zero based, Oop shift amount: 3

CDS archive(s) mapped at: [0x0000025300000000-0x0000025300bd0000-0x0000025300bd0000), size 12386304, SharedBaseAddress: 0x0000025300000000, ArchiveRelocationMode: 1.
Compressed class space mapped at: 0x0000025301000000-0x0000025341000000, reserved size: 1073741824
Narrow klass base: 0x0000025300000000, Narrow klass shift: 0, Narrow klass range: 0x100000000

GC Precious Log:
 CPUs: 12 total, 12 available
 Memory: 16177M
 Large Page Support: Disabled
 NUMA Support: Disabled
 Compressed Oops: Enabled (Zero based)
 Heap Region Size: 2M
 Heap Min Capacity: 8M
 Heap Initial Capacity: 254M
 Heap Max Capacity: 4046M
 Pre-touch: Disabled
 Parallel Workers: 10
 Concurrent Workers: 3
 Concurrent Refinement Workers: 10
 Periodic GC: Disabled

Heap:
 garbage-first heap   total 260096K, used 2048K [0x0000000703200000, 0x0000000800000000)
  region size 2048K, 2 young (4096K), 0 survivors (0K)
 Metaspace       used 1032K, committed 1216K, reserved 1114112K
  class space    used 104K, committed 192K, reserved 1048576K

Heap Regions: E=young(eden), S=young(survivor), O=old, HS=humongous(starts), HC=humongous(continues), CS=collection set, F=free, OA=open archive, CA=closed archive, TAMS=top-at-mark-start (previous, next)
|   0|0x0000000703200000, 0x0000000703200000, 0x0000000703400000|  0%| F|  |TAMS 0x0000000703200000, 0x0000000703200000| Untracked 
|   1|0x0000000703400000, 0x0000000703400000, 0x0000000703600000|  0%| F|  |TAMS 0x0000000703400000, 0x0000000703400000| Untracked 
|   2|0x0000000703600000, 0x0000000703600000, 0x0000000703800000|  0%| F|  |TAMS 0x0000000703600000, 0x0000000703600000| Untracked 
|   3|0x0000000703800000, 0x0000000703800000, 0x0000000703a00000|  0%| F|  |TAMS 0x0000000703800000, 0x0000000703800000| Untracked 
|   4|0x0000000703a00000, 0x0000000703a00000, 0x0000000703c00000|  0%| F|  |TAMS 0x0000000703a00000, 0x0000000703a00000| Untracked 
|   5|0x0000000703c00000, 0x0000000703c00000, 0x0000000703e00000|  0%| F|  |TAMS 0x0000000703c00000, 0x0000000703c00000| Untracked 
|   6|0x0000000703e00000, 0x0000000703e00000, 0x0000000704000000|  0%| F|  |TAMS 0x0000000703e00000, 0x0000000703e00000| Untracked 
|   7|0x0000000704000000, 0x0000000704000000, 0x0000000704200000|  0%| F|  |TAMS 0x0000000704000000, 0x0000000704000000| Untracked 
|   8|0x0000000704200000, 0x0000000704200000, 0x0000000704400000|  0%| F|  |TAMS 0x0000000704200000, 0x0000000704200000| Untracked 
|   9|0x0000000704400000, 0x0000000704400000, 0x0000000704600000|  0%| F|  |TAMS 0x0000000704400000, 0x0000000704400000| Untracked 
|  10|0x0000000704600000, 0x0000000704600000, 0x0000000704800000|  0%| F|  |TAMS 0x0000000704600000, 0x0000000704600000| Untracked 
|  11|0x0000000704800000, 0x0000000704800000, 0x0000000704a00000|  0%| F|  |TAMS 0x0000000704800000, 0x0000000704800000| Untracked 
|  12|0x0000000704a00000, 0x0000000704a00000, 0x0000000704c00000|  0%| F|  |TAMS 0x0000000704a00000, 0x0000000704a00000| Untracked 
|  13|0x0000000704c00000, 0x0000000704c00000, 0x0000000704e00000|  0%| F|  |TAMS 0x0000000704c00000, 0x0000000704c00000| Untracked 
|  14|0x0000000704e00000, 0x0000000704e00000, 0x0000000705000000|  0%| F|  |TAMS 0x0000000704e00000, 0x0000000704e00000| Untracked 
|  15|0x0000000705000000, 0x0000000705000000, 0x0000000705200000|  0%| F|  |TAMS 0x0000000705000000, 0x0000000705000000| Untracked 
|  16|0x0000000705200000, 0x0000000705200000, 0x0000000705400000|  0%| F|  |TAMS 0x0000000705200000, 0x0000000705200000| Untracked 
|  17|0x0000000705400000, 0x0000000705400000, 0x0000000705600000|  0%| F|  |TAMS 0x0000000705400000, 0x0000000705400000| Untracked 
|  18|0x0000000705600000, 0x0000000705600000, 0x0000000705800000|  0%| F|  |TAMS 0x0000000705600000, 0x0000000705600000| Untracked 
|  19|0x0000000705800000, 0x0000000705800000, 0x0000000705a00000|  0%| F|  |TAMS 0x0000000705800000, 0x0000000705800000| Untracked 
|  20|0x0000000705a00000, 0x0000000705a00000, 0x0000000705c00000|  0%| F|  |TAMS 0x0000000705a00000, 0x0000000705a00000| Untracked 
|  21|0x0000000705c00000, 0x0000000705c00000, 0x0000000705e00000|  0%| F|  |TAMS 0x0000000705c00000, 0x0000000705c00000| Untracked 
|  22|0x0000000705e00000, 0x0000000705e00000, 0x0000000706000000|  0%| F|  |TAMS 0x0000000705e00000, 0x0000000705e00000| Untracked 
|  23|0x0000000706000000, 0x0000000706000000, 0x0000000706200000|  0%| F|  |TAMS 0x0000000706000000, 0x0000000706000000| Untracked 
|  24|0x0000000706200000, 0x0000000706200000, 0x0000000706400000|  0%| F|  |TAMS 0x0000000706200000, 0x0000000706200000| Untracked 
|  25|0x0000000706400000, 0x0000000706400000, 0x0000000706600000|  0%| F|  |TAMS 0x0000000706400000, 0x0000000706400000| Untracked 
|  26|0x0000000706600000, 0x0000000706600000, 0x0000000706800000|  0%| F|  |TAMS 0x0000000706600000, 0x0000000706600000| Untracked 
|  27|0x0000000706800000, 0x0000000706800000, 0x0000000706a00000|  0%| F|  |TAMS 0x0000000706800000, 0x0000000706800000| Untracked 
|  28|0x0000000706a00000, 0x0000000706a00000, 0x0000000706c00000|  0%| F|  |TAMS 0x0000000706a00000, 0x0000000706a00000| Untracked 
|  29|0x0000000706c00000, 0x0000000706c00000, 0x0000000706e00000|  0%| F|  |TAMS 0x0000000706c00000, 0x0000000706c00000| Untracked 
|  30|0x0000000706e00000, 0x0000000706e00000, 0x0000000707000000|  0%| F|  |TAMS 0x0000000706e00000, 0x0000000706e00000| Untracked 
|  31|0x0000000707000000, 0x0000000707000000, 0x0000000707200000|  0%| F|  |TAMS 0x0000000707000000, 0x0000000707000000| Untracked 
|  32|0x0000000707200000, 0x0000000707200000, 0x0000000707400000|  0%| F|  |TAMS 0x0000000707200000, 0x0000000707200000| Untracked 
|  33|0x0000000707400000, 0x0000000707400000, 0x0000000707600000|  0%| F|  |TAMS 0x0000000707400000, 0x0000000707400000| Untracked 
|  34|0x0000000707600000, 0x0000000707600000, 0x0000000707800000|  0%| F|  |TAMS 0x0000000707600000, 0x0000000707600000| Untracked 
|  35|0x0000000707800000, 0x0000000707800000, 0x0000000707a00000|  0%| F|  |TAMS 0x0000000707800000, 0x0000000707800000| Untracked 
|  36|0x0000000707a00000, 0x0000000707a00000, 0x0000000707c00000|  0%| F|  |TAMS 0x0000000707a00000, 0x0000000707a00000| Untracked 
|  37|0x0000000707c00000, 0x0000000707c00000, 0x0000000707e00000|  0%| F|  |TAMS 0x0000000707c00000, 0x0000000707c00000| Untracked 
|  38|0x0000000707e00000, 0x0000000707e00000, 0x0000000708000000|  0%| F|  |TAMS 0x0000000707e00000, 0x0000000707e00000| Untracked 
|  39|0x0000000708000000, 0x0000000708000000, 0x0000000708200000|  0%| F|  |TAMS 0x0000000708000000, 0x0000000708000000| Untracked 
|  40|0x0000000708200000, 0x0000000708200000, 0x0000000708400000|  0%| F|  |TAMS 0x0000000708200000, 0x0000000708200000| Untracked 
|  41|0x0000000708400000, 0x0000000708400000, 0x0000000708600000|  0%| F|  |TAMS 0x0000000708400000, 0x0000000708400000| Untracked 
|  42|0x0000000708600000, 0x0000000708600000, 0x0000000708800000|  0%| F|  |TAMS 0x0000000708600000, 0x0000000708600000| Untracked 
|  43|0x0000000708800000, 0x0000000708800000, 0x0000000708a00000|  0%| F|  |TAMS 0x0000000708800000, 0x0000000708800000| Untracked 
|  44|0x0000000708a00000, 0x0000000708a00000, 0x0000000708c00000|  0%| F|  |TAMS 0x0000000708a00000, 0x0000000708a00000| Untracked 
|  45|0x0000000708c00000, 0x0000000708c00000, 0x0000000708e00000|  0%| F|  |TAMS 0x0000000708c00000, 0x0000000708c00000| Untracked 
|  46|0x0000000708e00000, 0x0000000708e00000, 0x0000000709000000|  0%| F|  |TAMS 0x0000000708e00000, 0x0000000708e00000| Untracked 
|  47|0x0000000709000000, 0x0000000709000000, 0x0000000709200000|  0%| F|  |TAMS 0x0000000709000000, 0x0000000709000000| Untracked 
|  48|0x0000000709200000, 0x0000000709200000, 0x0000000709400000|  0%| F|  |TAMS 0x0000000709200000, 0x0000000709200000| Untracked 
|  49|0x0000000709400000, 0x0000000709400000, 0x0000000709600000|  0%| F|  |TAMS 0x0000000709400000, 0x0000000709400000| Untracked 
|  50|0x0000000709600000, 0x0000000709600000, 0x0000000709800000|  0%| F|  |TAMS 0x0000000709600000, 0x0000000709600000| Untracked 
|  51|0x0000000709800000, 0x0000000709800000, 0x0000000709a00000|  0%| F|  |TAMS 0x0000000709800000, 0x0000000709800000| Untracked 
|  52|0x0000000709a00000, 0x0000000709a00000, 0x0000000709c00000|  0%| F|  |TAMS 0x0000000709a00000, 0x0000000709a00000| Untracked 
|  53|0x0000000709c00000, 0x0000000709c00000, 0x0000000709e00000|  0%| F|  |TAMS 0x0000000709c00000, 0x0000000709c00000| Untracked 
|  54|0x0000000709e00000, 0x0000000709e00000, 0x000000070a000000|  0%| F|  |TAMS 0x0000000709e00000, 0x0000000709e00000| Untracked 
|  55|0x000000070a000000, 0x000000070a000000, 0x000000070a200000|  0%| F|  |TAMS 0x000000070a000000, 0x000000070a000000| Untracked 
|  56|0x000000070a200000, 0x000000070a200000, 0x000000070a400000|  0%| F|  |TAMS 0x000000070a200000, 0x000000070a200000| Untracked 
|  57|0x000000070a400000, 0x000000070a400000, 0x000000070a600000|  0%| F|  |TAMS 0x000000070a400000, 0x000000070a400000| Untracked 
|  58|0x000000070a600000, 0x000000070a600000, 0x000000070a800000|  0%| F|  |TAMS 0x000000070a600000, 0x000000070a600000| Untracked 
|  59|0x000000070a800000, 0x000000070a800000, 0x000000070aa00000|  0%| F|  |TAMS 0x000000070a800000, 0x000000070a800000| Untracked 
|  60|0x000000070aa00000, 0x000000070aa00000, 0x000000070ac00000|  0%| F|  |TAMS 0x000000070aa00000, 0x000000070aa00000| Untracked 
|  61|0x000000070ac00000, 0x000000070ac00000, 0x000000070ae00000|  0%| F|  |TAMS 0x000000070ac00000, 0x000000070ac00000| Untracked 
|  62|0x000000070ae00000, 0x000000070ae00000, 0x000000070b000000|  0%| F|  |TAMS 0x000000070ae00000, 0x000000070ae00000| Untracked 
|  63|0x000000070b000000, 0x000000070b000000, 0x000000070b200000|  0%| F|  |TAMS 0x000000070b000000, 0x000000070b000000| Untracked 
|  64|0x000000070b200000, 0x000000070b200000, 0x000000070b400000|  0%| F|  |TAMS 0x000000070b200000, 0x000000070b200000| Untracked 
|  65|0x000000070b400000, 0x000000070b400000, 0x000000070b600000|  0%| F|  |TAMS 0x000000070b400000, 0x000000070b400000| Untracked 
|  66|0x000000070b600000, 0x000000070b600000, 0x000000070b800000|  0%| F|  |TAMS 0x000000070b600000, 0x000000070b600000| Untracked 
|  67|0x000000070b800000, 0x000000070b800000, 0x000000070ba00000|  0%| F|  |TAMS 0x000000070b800000, 0x000000070b800000| Untracked 
|  68|0x000000070ba00000, 0x000000070ba00000, 0x000000070bc00000|  0%| F|  |TAMS 0x000000070ba00000, 0x000000070ba00000| Untracked 
|  69|0x000000070bc00000, 0x000000070bc00000, 0x000000070be00000|  0%| F|  |TAMS 0x000000070bc00000, 0x000000070bc00000| Untracked 
|  70|0x000000070be00000, 0x000000070be00000, 0x000000070c000000|  0%| F|  |TAMS 0x000000070be00000, 0x000000070be00000| Untracked 
|  71|0x000000070c000000, 0x000000070c000000, 0x000000070c200000|  0%| F|  |TAMS 0x000000070c000000, 0x000000070c000000| Untracked 
|  72|0x000000070c200000, 0x000000070c200000, 0x000000070c400000|  0%| F|  |TAMS 0x000000070c200000, 0x000000070c200000| Untracked 
|  73|0x000000070c400000, 0x000000070c400000, 0x000000070c600000|  0%| F|  |TAMS 0x000000070c400000, 0x000000070c400000| Untracked 
|  74|0x000000070c600000, 0x000000070c600000, 0x000000070c800000|  0%| F|  |TAMS 0x000000070c600000, 0x000000070c600000| Untracked 
|  75|0x000000070c800000, 0x000000070c800000, 0x000000070ca00000|  0%| F|  |TAMS 0x000000070c800000, 0x000000070c800000| Untracked 
|  76|0x000000070ca00000, 0x000000070ca00000, 0x000000070cc00000|  0%| F|  |TAMS 0x000000070ca00000, 0x000000070ca00000| Untracked 
|  77|0x000000070cc00000, 0x000000070cc00000, 0x000000070ce00000|  0%| F|  |TAMS 0x000000070cc00000, 0x000000070cc00000| Untracked 
|  78|0x000000070ce00000, 0x000000070ce00000, 0x000000070d000000|  0%| F|  |TAMS 0x000000070ce00000, 0x000000070ce00000| Untracked 
|  79|0x000000070d000000, 0x000000070d000000, 0x000000070d200000|  0%| F|  |TAMS 0x000000070d000000, 0x000000070d000000| Untracked 
|  80|0x000000070d200000, 0x000000070d200000, 0x000000070d400000|  0%| F|  |TAMS 0x000000070d200000, 0x000000070d200000| Untracked 
|  81|0x000000070d400000, 0x000000070d400000, 0x000000070d600000|  0%| F|  |TAMS 0x000000070d400000, 0x000000070d400000| Untracked 
|  82|0x000000070d600000, 0x000000070d600000, 0x000000070d800000|  0%| F|  |TAMS 0x000000070d600000, 0x000000070d600000| Untracked 
|  83|0x000000070d800000, 0x000000070d800000, 0x000000070da00000|  0%| F|  |TAMS 0x000000070d800000, 0x000000070d800000| Untracked 
|  84|0x000000070da00000, 0x000000070da00000, 0x000000070dc00000|  0%| F|  |TAMS 0x000000070da00000, 0x000000070da00000| Untracked 
|  85|0x000000070dc00000, 0x000000070dc00000, 0x000000070de00000|  0%| F|  |TAMS 0x000000070dc00000, 0x000000070dc00000| Untracked 
|  86|0x000000070de00000, 0x000000070de00000, 0x000000070e000000|  0%| F|  |TAMS 0x000000070de00000, 0x000000070de00000| Untracked 
|  87|0x000000070e000000, 0x000000070e000000, 0x000000070e200000|  0%| F|  |TAMS 0x000000070e000000, 0x000000070e000000| Untracked 
|  88|0x000000070e200000, 0x000000070e200000, 0x000000070e400000|  0%| F|  |TAMS 0x000000070e200000, 0x000000070e200000| Untracked 
|  89|0x000000070e400000, 0x000000070e400000, 0x000000070e600000|  0%| F|  |TAMS 0x000000070e400000, 0x000000070e400000| Untracked 
|  90|0x000000070e600000, 0x000000070e600000, 0x000000070e800000|  0%| F|  |TAMS 0x000000070e600000, 0x000000070e600000| Untracked 
|  91|0x000000070e800000, 0x000000070e800000, 0x000000070ea00000|  0%| F|  |TAMS 0x000000070e800000, 0x000000070e800000| Untracked 
|  92|0x000000070ea00000, 0x000000070ea00000, 0x000000070ec00000|  0%| F|  |TAMS 0x000000070ea00000, 0x000000070ea00000| Untracked 
|  93|0x000000070ec00000, 0x000000070ec00000, 0x000000070ee00000|  0%| F|  |TAMS 0x000000070ec00000, 0x000000070ec00000| Untracked 
|  94|0x000000070ee00000, 0x000000070ee00000, 0x000000070f000000|  0%| F|  |TAMS 0x000000070ee00000, 0x000000070ee00000| Untracked 
|  95|0x000000070f000000, 0x000000070f000000, 0x000000070f200000|  0%| F|  |TAMS 0x000000070f000000, 0x000000070f000000| Untracked 
|  96|0x000000070f200000, 0x000000070f200000, 0x000000070f400000|  0%| F|  |TAMS 0x000000070f200000, 0x000000070f200000| Untracked 
|  97|0x000000070f400000, 0x000000070f400000, 0x000000070f600000|  0%| F|  |TAMS 0x000000070f400000, 0x000000070f400000| Untracked 
|  98|0x000000070f600000, 0x000000070f600000, 0x000000070f800000|  0%| F|  |TAMS 0x000000070f600000, 0x000000070f600000| Untracked 
|  99|0x000000070f800000, 0x000000070f800000, 0x000000070fa00000|  0%| F|  |TAMS 0x000000070f800000, 0x000000070f800000| Untracked 
| 100|0x000000070fa00000, 0x000000070fa00000, 0x000000070fc00000|  0%| F|  |TAMS 0x000000070fa00000, 0x000000070fa00000| Untracked 
| 101|0x000000070fc00000, 0x000000070fc00000, 0x000000070fe00000|  0%| F|  |TAMS 0x000000070fc00000, 0x000000070fc00000| Untracked 
| 102|0x000000070fe00000, 0x000000070fe00000, 0x0000000710000000|  0%| F|  |TAMS 0x000000070fe00000, 0x000000070fe00000| Untracked 
| 103|0x0000000710000000, 0x0000000710000000, 0x0000000710200000|  0%| F|  |TAMS 0x0000000710000000, 0x0000000710000000| Untracked 
| 104|0x0000000710200000, 0x0000000710200000, 0x0000000710400000|  0%| F|  |TAMS 0x0000000710200000, 0x0000000710200000| Untracked 
| 105|0x0000000710400000, 0x0000000710400000, 0x0000000710600000|  0%| F|  |TAMS 0x0000000710400000, 0x0000000710400000| Untracked 
| 106|0x0000000710600000, 0x0000000710600000, 0x0000000710800000|  0%| F|  |TAMS 0x0000000710600000, 0x0000000710600000| Untracked 
| 107|0x0000000710800000, 0x0000000710800000, 0x0000000710a00000|  0%| F|  |TAMS 0x0000000710800000, 0x0000000710800000| Untracked 
| 108|0x0000000710a00000, 0x0000000710a00000, 0x0000000710c00000|  0%| F|  |TAMS 0x0000000710a00000, 0x0000000710a00000| Untracked 
| 109|0x0000000710c00000, 0x0000000710c00000, 0x0000000710e00000|  0%| F|  |TAMS 0x0000000710c00000, 0x0000000710c00000| Untracked 
| 110|0x0000000710e00000, 0x0000000710e00000, 0x0000000711000000|  0%| F|  |TAMS 0x0000000710e00000, 0x0000000710e00000| Untracked 
| 111|0x0000000711000000, 0x0000000711000000, 0x0000000711200000|  0%| F|  |TAMS 0x0000000711000000, 0x0000000711000000| Untracked 
| 112|0x0000000711200000, 0x0000000711200000, 0x0000000711400000|  0%| F|  |TAMS 0x0000000711200000, 0x0000000711200000| Untracked 
| 113|0x0000000711400000, 0x0000000711400000, 0x0000000711600000|  0%| F|  |TAMS 0x0000000711400000, 0x0000000711400000| Untracked 
| 114|0x0000000711600000, 0x0000000711600000, 0x0000000711800000|  0%| F|  |TAMS 0x0000000711600000, 0x0000000711600000| Untracked 
| 115|0x0000000711800000, 0x0000000711800000, 0x0000000711a00000|  0%| F|  |TAMS 0x0000000711800000, 0x0000000711800000| Untracked 
| 116|0x0000000711a00000, 0x0000000711a00000, 0x0000000711c00000|  0%| F|  |TAMS 0x0000000711a00000, 0x0000000711a00000| Untracked 
| 117|0x0000000711c00000, 0x0000000711c00000, 0x0000000711e00000|  0%| F|  |TAMS 0x0000000711c00000, 0x0000000711c00000| Untracked 
| 118|0x0000000711e00000, 0x0000000711e00000, 0x0000000712000000|  0%| F|  |TAMS 0x0000000711e00000, 0x0000000711e00000| Untracked 
| 119|0x0000000712000000, 0x0000000712000000, 0x0000000712200000|  0%| F|  |TAMS 0x0000000712000000, 0x0000000712000000| Untracked 
| 120|0x0000000712200000, 0x0000000712200000, 0x0000000712400000|  0%| F|  |TAMS 0x0000000712200000, 0x0000000712200000| Untracked 
| 121|0x0000000712400000, 0x0000000712400000, 0x0000000712600000|  0%| F|  |TAMS 0x0000000712400000, 0x0000000712400000| Untracked 
| 122|0x0000000712600000, 0x0000000712600000, 0x0000000712800000|  0%| F|  |TAMS 0x0000000712600000, 0x0000000712600000| Untracked 
| 123|0x0000000712800000, 0x0000000712800000, 0x0000000712a00000|  0%| F|  |TAMS 0x0000000712800000, 0x0000000712800000| Untracked 
| 124|0x0000000712a00000, 0x0000000712a00000, 0x0000000712c00000|  0%| F|  |TAMS 0x0000000712a00000, 0x0000000712a00000| Untracked 
| 125|0x0000000712c00000, 0x0000000712d52c48, 0x0000000712e00000| 66%| E|  |TAMS 0x0000000712c00000, 0x0000000712c00000| Complete 
| 126|0x0000000712e00000, 0x0000000713000000, 0x0000000713000000|100%| E|CS|TAMS 0x0000000712e00000, 0x0000000712e00000| Complete 

Card table byte_map: [0x0000025363e80000,0x0000025364670000] _byte_map_base: 0x0000025360667000

Marking Bits (Prev, Next): (CMBitMap*) 0x000002534a9bda40, (CMBitMap*) 0x000002534a9bda80
 Prev Bits: [0x0000025364e60000, 0x0000025368d98000)
 Next Bits: [0x0000025368da0000, 0x000002536ccd8000)

Polling page: 0x000002534aa30000

Metaspace:

Usage:
  Non-class:    928.22 KB used.
      Class:    104.11 KB used.
       Both:      1.01 MB used.

Virtual space:
  Non-class space:       64.00 MB reserved,       1.00 MB (  2%) committed,  1 nodes.
      Class space:        1.00 GB reserved,     192.00 KB ( <1%) committed,  1 nodes.
             Both:        1.06 GB reserved,       1.19 MB ( <1%) committed. 

Chunk freelists:
   Non-Class:  11.74 MB
       Class:  15.68 MB
        Both:  27.42 MB

MaxMetaspaceSize: unlimited
CompressedClassSpaceSize: 1.00 GB
Initial GC threshold: 21.00 MB
Current GC threshold: 21.00 MB
CDS: on
MetaspaceReclaimPolicy: balanced
 - commit_granule_bytes: 65536.
 - commit_granule_words: 8192.
 - virtual_space_node_default_size: 8388608.
 - enlarge_chunks_in_place: 1.
 - new_chunks_are_fully_committed: 0.
 - uncommit_free_chunks: 1.
 - use_allocation_guard: 0.
 - handle_deallocations: 1.


Internal statistics:

num_allocs_failed_limit: 0.
num_arena_births: 52.
num_arena_deaths: 0.
num_vsnodes_births: 2.
num_vsnodes_deaths: 0.
num_space_committed: 19.
num_space_uncommitted: 0.
num_chunks_returned_to_freelist: 0.
num_chunks_taken_from_freelist: 78.
num_chunk_merges: 0.
num_chunk_splits: 47.
num_chunks_enlarged: 31.
num_inconsistent_stats: 0.

CodeHeap 'non-profiled nmethods': size=120000Kb used=108Kb max_used=108Kb free=119892Kb
 bounds [0x000002535b4c0000, 0x000002535b730000, 0x00000253629f0000]
CodeHeap 'profiled nmethods': size=120000Kb used=408Kb max_used=408Kb free=119591Kb
 bounds [0x00000253539f0000, 0x0000025353c60000, 0x000002535af20000]
CodeHeap 'non-nmethods': size=5760Kb used=1128Kb max_used=1128Kb free=4631Kb
 bounds [0x000002535af20000, 0x000002535b190000, 0x000002535b4c0000]
 total_blobs=731 nmethods=320 adapters=324
 compilation: enabled
              stopped_count=0, restarted_count=0
 full_count=0

Compilation events (20 events):
Event: 0.100 Thread 0x000002536faa7dd0 nmethod 278 0x0000025353a46e10 code [0x0000025353a470a0, 0x0000025353a47e28]
Event: 0.100 Thread 0x000002536faa7dd0  280       3       java.lang.Class::getName (18 bytes)
Event: 0.100 Thread 0x000002536faa7dd0 nmethod 280 0x0000025353a48310 code [0x0000025353a484c0, 0x0000025353a48648]
Event: 0.100 Thread 0x000002536faa7dd0  279       3       java.lang.invoke.MemberName::isResolved (13 bytes)
Event: 0.100 Thread 0x000002536faa7dd0 nmethod 279 0x0000025353a48710 code [0x0000025353a488a0, 0x0000025353a48a18]
Event: 0.100 Thread 0x000002536faa7dd0  284       3       java.lang.Class::getClassLoader (28 bytes)
Event: 0.101 Thread 0x000002536faa7410 nmethod 268 0x000002535b4d7610 code [0x000002535b4d77a0, 0x000002535b4d7ca8]
Event: 0.101 Thread 0x000002536faa7410  267       4       java.io.StreamTokenizer::nextToken (1266 bytes)
Event: 0.101 Thread 0x000002536faa7dd0 nmethod 284 0x0000025353a48a90 code [0x0000025353a48ce0, 0x0000025353a49738]
Event: 0.101 Thread 0x000002536faa7dd0  282       3       java.lang.invoke.LambdaForm$NamedFunction::methodType (23 bytes)
Event: 0.101 Thread 0x000002536faa7dd0 nmethod 282 0x0000025353a49a90 code [0x0000025353a49c40, 0x0000025353a49ea8]
Event: 0.101 Thread 0x000002536faa7dd0  283       3       java.lang.invoke.MemberName::getMethodOrFieldType (72 bytes)
Event: 0.102 Thread 0x000002536faa7dd0 nmethod 283 0x0000025353a49f90 code [0x0000025353a4a2c0, 0x0000025353a4b1a8]
Event: 0.103 Thread 0x000002536faa7dd0  288       3       jdk.internal.org.objectweb.asm.SymbolTable::addConstantUtf8Reference (101 bytes)
Event: 0.104 Thread 0x000002536faa7dd0 nmethod 288 0x0000025353a4b710 code [0x0000025353a4b920, 0x0000025353a4bf18]
Event: 0.104 Thread 0x000002536faa7dd0  287       3       jdk.internal.org.objectweb.asm.SymbolTable::addConstantClass (8 bytes)
Event: 0.104 Thread 0x000002536faa7dd0 nmethod 287 0x0000025353a4c210 code [0x0000025353a4c3a0, 0x0000025353a4c4e8]
Event: 0.104 Thread 0x000002536faa7dd0  292       3       java.lang.invoke.LambdaForm::parameterType (9 bytes)
Event: 0.104 Thread 0x000002536faa7dd0 nmethod 292 0x0000025353a4c590 code [0x0000025353a4c740, 0x0000025353a4c888]
Event: 0.104 Thread 0x000002536faa7dd0  293       3       java.lang.AbstractStringBuilder::newCapacity (59 bytes)

GC Heap History (0 events):
No events

Deoptimization events (4 events):
Event: 0.096 Thread 0x000002534a94faa0 Uncommon trap: trap_request=0xffffff45 fr.pc=0x000002535b4d5624 relative=0x0000000000000284
Event: 0.096 Thread 0x000002534a94faa0 Uncommon trap: reason=unstable_if action=reinterpret pc=0x000002535b4d5624 method=java.io.BufferedReader.read()I @ 19 c2
Event: 0.096 Thread 0x000002534a94faa0 DEOPT PACKING pc=0x000002535b4d5624 sp=0x00000055c57fe210
Event: 0.096 Thread 0x000002534a94faa0 DEOPT UNPACKING pc=0x000002535af723a3 sp=0x00000055c57fe158 mode 2

Classes unloaded (0 events):
No events

Classes redefined (0 events):
No events

Internal exceptions (4 events):
Event: 0.098 Thread 0x000002534a94faa0 Exception <a 'java/lang/NoSuchMethodError'{0x0000000712c89558}: 'java.lang.Object java.lang.invoke.DirectMethodHandle$Holder.invokeStaticInit(java.lang.Object)'> (0x0000000712c89558) 
thrown [s\open\src\hotspot\share\interpreter\linkResolver.cpp, line 759]
Event: 0.100 Thread 0x000002534a94faa0 Exception <a 'java/lang/NoSuchMethodError'{0x0000000712c96130}: 'java.lang.Object java.lang.invoke.DirectMethodHandle$Holder.invokeStaticInit(java.lang.Object, java.lang.Object, long, java.lang.Object)'> (0x0000000712c96130) 
thrown [s\open\src\hotspot\share\interpreter\linkResolver.cpp, line 759]
Event: 0.100 Thread 0x000002534a94faa0 Exception <a 'java/lang/NoSuchMethodError'{0x0000000712c9c5f0}: 'java.lang.Object java.lang.invoke.DirectMethodHandle$Holder.newInvokeSpecial(java.lang.Object, java.lang.Object, long)'> (0x0000000712c9c5f0) 
thrown [s\open\src\hotspot\share\interpreter\linkResolver.cpp, line 759]
Event: 0.101 Thread 0x000002534a94faa0 Exception <a 'java/lang/NoSuchMethodError'{0x0000000712ca0160}: 'java.lang.Object java.lang.invoke.Invokers$Holder.linkToTargetMethod(java.lang.Object, long, java.lang.Object)'> (0x0000000712ca0160) 
thrown [s\open\src\hotspot\share\interpreter\linkResolver.cpp, line 759]

VM Operations (2 events):
Event: 0.051 Executing VM operation: HandshakeAllThreads
Event: 0.051 Executing VM operation: HandshakeAllThreads done

Events (20 events):
Event: 0.101 loading class java/util/concurrent/RejectedExecutionHandler done
Event: 0.101 loading class java/util/concurrent/ThreadPoolExecutor$AbortPolicy done
Event: 0.101 loading class java/util/concurrent/SynchronousQueue
Event: 0.101 loading class java/util/concurrent/BlockingQueue
Event: 0.101 loading class java/util/concurrent/BlockingQueue done
Event: 0.101 loading class java/util/AbstractQueue
Event: 0.101 loading class java/util/AbstractQueue done
Event: 0.101 loading class java/util/concurrent/SynchronousQueue done
Event: 0.101 loading class java/util/concurrent/SynchronousQueue$TransferStack
Event: 0.102 loading class java/util/concurrent/SynchronousQueue$Transferer
Event: 0.102 loading class java/util/concurrent/SynchronousQueue$Transferer done
Event: 0.102 loading class java/util/concurrent/SynchronousQueue$TransferStack done
Event: 0.102 loading class java/util/concurrent/SynchronousQueue$TransferStack$SNode
Event: 0.102 loading class java/util/concurrent/ForkJoinPool$ManagedBlocker
Event: 0.102 loading class java/util/concurrent/ForkJoinPool$ManagedBlocker done
Event: 0.102 loading class java/util/concurrent/SynchronousQueue$TransferStack$SNode done
Event: 0.102 loading class java/util/concurrent/locks/AbstractQueuedSynchronizer$ConditionObject
Event: 0.102 loading class java/util/concurrent/locks/Condition
Event: 0.102 loading class java/util/concurrent/locks/Condition done
Event: 0.102 loading class java/util/concurrent/locks/AbstractQueuedSynchronizer$ConditionObject done


Dynamic libraries:
0x00007ff766770000 - 0x00007ff766780000 	D:\Environment\jdk17\bin\java.exe
0x00007ffdb73d0000 - 0x00007ffdb75c8000 	C:\Windows\SYSTEM32\ntdll.dll
0x00007ffdb6800000 - 0x00007ffdb68bd000 	C:\Windows\System32\KERNEL32.DLL
0x00007ffdb4af0000 - 0x00007ffdb4dbe000 	C:\Windows\System32\KERNELBASE.dll
0x00007ffdb5140000 - 0x00007ffdb5240000 	C:\Windows\System32\ucrtbase.dll
0x00007ffda9350000 - 0x00007ffda9369000 	D:\Environment\jdk17\bin\jli.dll
0x00007ffda8ff0000 - 0x00007ffda900b000 	D:\Environment\jdk17\bin\VCRUNTIME140.dll
0x00007ffdb5aa0000 - 0x00007ffdb5b4e000 	C:\Windows\System32\ADVAPI32.dll
0x00007ffdb5fb0000 - 0x00007ffdb604e000 	C:\Windows\System32\msvcrt.dll
0x00007ffdb5c20000 - 0x00007ffdb5cbc000 	C:\Windows\System32\sechost.dll
0x00007ffdb5970000 - 0x00007ffdb5a95000 	C:\Windows\System32\RPCRT4.dll
0x00007ffdb5430000 - 0x00007ffdb55d0000 	C:\Windows\System32\USER32.dll
0x00007ffdb52f0000 - 0x00007ffdb5312000 	C:\Windows\System32\win32u.dll
0x00007ffd9c8f0000 - 0x00007ffd9cb8a000 	C:\Windows\WinSxS\amd64_microsoft.windows.common-controls_6595b64144ccf1df_6.0.19041.1110_none_60b5254171f9507e\COMCTL32.dll
0x00007ffdb69b0000 - 0x00007ffdb69da000 	C:\Windows\System32\GDI32.dll
0x00007ffdb4f20000 - 0x00007ffdb502b000 	C:\Windows\System32\gdi32full.dll
0x00007ffdb5390000 - 0x00007ffdb542d000 	C:\Windows\System32\msvcp_win.dll
0x00007ffdaaa20000 - 0x00007ffdaaa2a000 	C:\Windows\SYSTEM32\VERSION.dll
0x00007ffdb5940000 - 0x00007ffdb5970000 	C:\Windows\System32\IMM32.DLL
0x00007ffda8fe0000 - 0x00007ffda8fec000 	D:\Environment\jdk17\bin\vcruntime140_1.dll
0x00007ffd84720000 - 0x00007ffd847ae000 	D:\Environment\jdk17\bin\msvcp140.dll
0x00007ffd57250000 - 0x00007ffd57e2f000 	D:\Environment\jdk17\bin\server\jvm.dll
0x00007ffdb55d0000 - 0x00007ffdb55d8000 	C:\Windows\System32\PSAPI.DLL
0x00007ffda0030000 - 0x00007ffda0057000 	C:\Windows\SYSTEM32\WINMM.dll
0x00007ffdacfe0000 - 0x00007ffdacfe9000 	C:\Windows\SYSTEM32\WSOCK32.dll
0x00007ffdb6940000 - 0x00007ffdb69ab000 	C:\Windows\System32\WS2_32.dll
0x00007ffdb3370000 - 0x00007ffdb3382000 	C:\Windows\SYSTEM32\kernel.appcore.dll
0x00007ffda8fd0000 - 0x00007ffda8fda000 	D:\Environment\jdk17\bin\jimage.dll
0x00007ffdb28b0000 - 0x00007ffdb2a94000 	C:\Windows\SYSTEM32\DBGHELP.DLL
0x00007ffda6910000 - 0x00007ffda693c000 	C:\Windows\SYSTEM32\dbgcore.DLL
0x00007ffdb50b0000 - 0x00007ffdb5132000 	C:\Windows\System32\bcryptPrimitives.dll
0x00007ffd95700000 - 0x00007ffd95725000 	D:\Environment\jdk17\bin\java.dll
0x00007ffd82980000 - 0x00007ffd82a57000 	D:\Environment\jdk17\bin\jsvml.dll
0x00007ffdb6050000 - 0x00007ffdb6793000 	C:\Windows\System32\SHELL32.dll
0x00007ffdb2bc0000 - 0x00007ffdb3355000 	C:\Windows\SYSTEM32\windows.storage.dll
0x00007ffdb55e0000 - 0x00007ffdb5934000 	C:\Windows\System32\combase.dll
0x00007ffdb4550000 - 0x00007ffdb4580000 	C:\Windows\SYSTEM32\Wldp.dll
0x00007ffdb5d20000 - 0x00007ffdb5dcd000 	C:\Windows\System32\SHCORE.dll
0x00007ffdb5dd0000 - 0x00007ffdb5e25000 	C:\Windows\System32\shlwapi.dll
0x00007ffdb4a30000 - 0x00007ffdb4a4f000 	C:\Windows\SYSTEM32\profapi.dll
0x00007ffd959d0000 - 0x00007ffd959e9000 	D:\Environment\jdk17\bin\net.dll
0x00007ffdac490000 - 0x00007ffdac59a000 	C:\Windows\SYSTEM32\WINHTTP.dll
0x00007ffdb42b0000 - 0x00007ffdb431a000 	C:\Windows\system32\mswsock.dll
0x00007ffd956e0000 - 0x00007ffd956f6000 	D:\Environment\jdk17\bin\nio.dll
0x00007ffd9aa00000 - 0x00007ffd9aa18000 	D:\Environment\jdk17\bin\zip.dll
0x00007ffd9a9b0000 - 0x00007ffd9a9c0000 	D:\Environment\jdk17\bin\verify.dll
0x00007ffd956b0000 - 0x00007ffd956b9000 	D:\Environment\jdk17\bin\attach.dll

dbghelp: loaded successfully - version: 4.0.5 - missing functions: none
symbol engine: initialized successfully - sym options: 0x614 - pdb path: .;D:\Environment\jdk17\bin;C:\Windows\SYSTEM32;C:\Windows\WinSxS\amd64_microsoft.windows.common-controls_6595b64144ccf1df_6.0.19041.1110_none_60b5254171f9507e;D:\Environment\jdk17\bin\server

VM Arguments:
jvm_args: -Dnet.bytebuddy.agent.attacher.dump= 
java_command: net.bytebuddy.agent.Attacher com.sun.tools.attach.VirtualMachine 12076 C:\Users\liyb\.m2\repository\net\bytebuddy\byte-buddy-agent\1.14.19\byte-buddy-agent-1.14.19.jar false 
java_class_path (initial): C:\Users\liyb\.m2\repository\net\bytebuddy\byte-buddy-agent\1.14.19\byte-buddy-agent-1.14.19.jar
Launcher Type: SUN_STANDARD

[Global flags]
     intx CICompilerCount                          = 4                                         {product} {ergonomic}
     uint ConcGCThreads                            = 3                                         {product} {ergonomic}
     uint G1ConcRefinementThreads                  = 10                                        {product} {ergonomic}
   size_t G1HeapRegionSize                         = 2097152                                   {product} {ergonomic}
    uintx GCDrainStackTargetSize                   = 64                                        {product} {ergonomic}
   size_t InitialHeapSize                          = 266338304                                 {product} {ergonomic}
   size_t MarkStackSize                            = 4194304                                   {product} {ergonomic}
   size_t MaxHeapSize                              = 4242538496                                {product} {ergonomic}
   size_t MaxNewSize                               = 2543845376                                {product} {ergonomic}
   size_t MinHeapDeltaBytes                        = 2097152                                   {product} {ergonomic}
   size_t MinHeapSize                              = 8388608                                   {product} {ergonomic}
    uintx NonNMethodCodeHeapSize                   = 5839372                                {pd product} {ergonomic}
    uintx NonProfiledCodeHeapSize                  = 122909434                              {pd product} {ergonomic}
    uintx ProfiledCodeHeapSize                     = 122909434                              {pd product} {ergonomic}
    uintx ReservedCodeCacheSize                    = 251658240                              {pd product} {ergonomic}
     bool SegmentedCodeCache                       = true                                      {product} {ergonomic}
   size_t SoftMaxHeapSize                          = 4242538496                             {manageable} {ergonomic}
     bool UseCompressedClassPointers               = true                           {product lp64_product} {ergonomic}
     bool UseCompressedOops                        = true                           {product lp64_product} {ergonomic}
     bool UseG1GC                                  = true                                      {product} {ergonomic}
     bool UseLargePagesIndividualAllocation        = false                                  {pd product} {ergonomic}

Logging:
Log output configuration:
 #0: stdout all=warning uptime,level,tags
 #1: stderr all=off uptime,level,tags

Environment Variables:
JAVA_HOME=D:\Environment\jdk17
PATH=C:\Program Files\NVIDIA GPU Computing Toolkit\CUDA\v10.1\bin;C:\Program Files\NVIDIA GPU Computing Toolkit\CUDA\v10.1\libnvvp;C:\Program Files\Common Files\Oracle\Java\javapath;C:\Program Files\NVIDIA GPU Computing Toolkit\CUDA\v11.0\bin;C:\Program Files\NVIDIA GPU Computing Toolkit\CUDA\v11.0\libnvvp;C:\Program Files (x86)\Razer Chroma SDK\bin;C:\Program Files\Razer Chroma SDK\bin;C:\Program Files (x86)\Razer\ChromaBroadcast\bin;C:\Program Files\Razer\ChromaBroadcast\bin;C:\Windows\system32;C:\Windows;C:\Windows\System32\Wbem;C:\Windows\System32\WindowsPowerShell\v1.0\;C:\Windows\System32\OpenSSH\;D:\Environment\jdk11.0.6\bin;C:\Windows\system32\config\systemprofile\AppData\Local\Microsoft\WindowsApps;C:\Program Files\dotnet\;D:\Environment\Git\Git\cmd;C:\Program Files\MySQL\MySQL Server 5.7\bin;D:\softwore\Anaconda;D:\softwore\Anaconda\Library\bin;C:\Program Files (x86)\NVIDIA Corporation\PhysX\Common;C:\Program Files\NVIDIA Corporation\NVIDIA NvDLISR;C:\Program Files\NVIDIA Corporation\Nsight Compute 2019.4.0\;D:\Environment\node.js\;D:\Environment\node.js\node_global;D:\softwore\Anaconda;D:\softwore\Anaconda\Library\mingw-w64\bin;D:\softwore\Anaconda\Library\usr\bin;D:\softwore\Anaconda\Library\bin;D:\softwore\Anaconda\Scripts;C:\Users\liyb\AppData\Local\Microsoft\WindowsApps;D:\program\CLion 2022.1.2\bin;E:\play\yuanshen\³é¿¨ÖúÊÖ\Fiddler;D:\softwore\Bandzip\Band\;D:\Environment\node.js\node_global;;D:\program\WebStorm\WebStorm 2020.1\bin;
USERNAME=liyb
OS=Windows_NT
PROCESSOR_IDENTIFIER=Intel64 Family 6 Model 165 Stepping 2, GenuineIntel



---------------  S Y S T E M  ---------------

OS:
 Windows 10 , 64 bit Build 19041 (10.0.19041.1889)
OS uptime: 2 days 22:07 hours

CPU: total 12 (initial active 12) (6 cores per cpu, 2 threads per core) family 6 model 165 stepping 2 microcode 0xf4, cx8, cmov, fxsr, ht, mmx, 3dnowpref, sse, sse2, sse3, ssse3, sse4.1, sse4.2, popcnt, lzcnt, tsc, tscinvbit, avx, avx2, aes, erms, clmul, bmi1, bmi2, adx, fma, vzeroupper, clflush, clflushopt

Memory: 4k page, system-wide physical 16177M (1425M free)
TotalPageFile size 35291M (AvailPageFile size 3M)
current process WorkingSet (physical memory assigned to process): 40M, peak: 40M
current process commit charge ("private bytes"): 348M, peak: 348M

vm_info: Java HotSpot(TM) 64-Bit Server VM (17.0.10+11-LTS-240) for windows-amd64 JRE (17.0.10+11-LTS-240), built on Dec 19 2023 21:47:25 by "mach5one" with MS VC++ 17.1 (VS2022)

END.
