#
# There is insufficient memory for the Java Runtime Environment to continue.
# Native memory allocation (malloc) failed to allocate 131088 bytes for Chunk::new
# Possible reasons:
#   The system is out of physical RAM or swap space
#   The process is running with CompressedOops enabled, and the Java Heap may be blocking the growth of the native heap
# Possible solutions:
#   Reduce memory load on the system
#   Increase physical memory or swap space
#   Check if swap backing store is full
#   Decrease Java heap size (-Xmx/-Xms)
#   Decrease number of Java threads
#   Decrease Java thread stack sizes (-Xss)
#   Set larger code cache with -XX:ReservedCodeCacheSize=
#   JVM is running with Zero Based Compressed Oops mode in which the Java heap is
#     placed in the first 32GB address space. The Java Heap base address is the
#     maximum limit for the native heap growth. Please use -XX:HeapBaseMinAddress
#     to set the Java Heap base and to place the Java Heap above 32GB virtual address.
# This output file may be truncated or incomplete.
#
#  Out of Memory Error (arena.cpp:189), pid=1788, tid=7436
#
# JRE version: Java(TM) SE Runtime Environment (17.0.10+11) (build 17.0.10+11-LTS-240)
# Java VM: Java HotSpot(TM) 64-Bit Server VM (17.0.10+11-LTS-240, mixed mode, sharing, tiered, compressed oops, compressed class ptrs, g1 gc, windows-amd64)
# No core dump will be written. Minidumps are not enabled by default on client versions of Windows
#

---------------  S U M M A R Y ------------

Command Line: -agentlib:jdwp=transport=dt_socket,address=127.0.0.1:2580,suspend=y,server=n -ea -Didea.test.cyclic.buffer.size=1048576 -javaagent:C:\Users\liyb\AppData\Local\JetBrains\IntelliJIdea2022.1\captureAgent\debugger-agent.jar -Dfile.encoding=UTF-8 com.intellij.rt.junit.JUnitStarter -ideVersion5 -junit5 com.user.usercenter.service.UserServiceTest,userRegister

Host: Intel(R) Core(TM) i7-10750H CPU @ 2.60GHz, 12 cores, 15G,  Windows 10 , 64 bit Build 19041 (10.0.19041.1889)
Time: Sat Sep 28 21:42:37 2024  Windows 10 , 64 bit Build 19041 (10.0.19041.1889) elapsed time: 2.918329 seconds (0d 0h 0m 2s)

---------------  T H R E A D  ---------------

Current thread (0x000002581a171270):  JavaThread "C2 CompilerThread0" daemon [_thread_in_native, id=7436, stack(0x0000008488200000,0x0000008488300000)]


Current CompileTask:
C2:   2918 4305   !   4       org.springframework.core.annotation.AnnotationsScanner::processMethodHierarchy (276 bytes)

Stack: [0x0000008488200000,0x0000008488300000]
Native frames: (J=compiled Java code, j=interpreted, Vv=VM code, C=native code)
V  [jvm.dll+0x677a5a]
V  [jvm.dll+0x7d8b2d]
V  [jvm.dll+0x7da48e]
V  [jvm.dll+0x7daaf3]
V  [jvm.dll+0x2455ff]
V  [jvm.dll+0xaaafb]
V  [jvm.dll+0xab09c]
V  [jvm.dll+0xb80ca]
V  [jvm.dll+0x1bdf8c]
V  [jvm.dll+0x6c62dc]
V  [jvm.dll+0x6c4379]
V  [jvm.dll+0x1bb111]
V  [jvm.dll+0x217aa7]
V  [jvm.dll+0x216d81]
V  [jvm.dll+0x1a3410]
V  [jvm.dll+0x226aeb]
V  [jvm.dll+0x224cab]
V  [jvm.dll+0x78e45c]
V  [jvm.dll+0x78888a]
V  [jvm.dll+0x676935]
C  [ucrtbase.dll+0x21bb2]
C  [KERNEL32.DLL+0x17034]
C  [ntdll.dll+0x526a1]


---------------  P R O C E S S  ---------------

Threads class SMR info:
_java_thread_list=0x0000025860da8540, length=18, elements={
0x0000025876ef0e30, 0x000002581a0d6a20, 0x000002581a0cbe20, 0x000002581a166760,
0x000002581a16a150, 0x000002581a16b1c0, 0x000002581a16c230, 0x000002581a171270,
0x000002581a171b80, 0x000002581a17b910, 0x000002581a0b73f0, 0x000002581a2eec10,
0x000002581a2f1cc0, 0x000002581a2fe2f0, 0x000002581a3e9e40, 0x000002581a444e30,
0x0000025860082050, 0x000002586376a4c0
}

Java Threads: ( => current thread )
  0x0000025876ef0e30 JavaThread "main" [_thread_in_native, id=7972, stack(0x0000008487500000,0x0000008487600000)]
  0x000002581a0d6a20 JavaThread "Reference Handler" daemon [_thread_blocked, id=9664, stack(0x0000008487c00000,0x0000008487d00000)]
  0x000002581a0cbe20 JavaThread "Finalizer" daemon [_thread_blocked, id=4784, stack(0x0000008487d00000,0x0000008487e00000)]
  0x000002581a166760 JavaThread "Signal Dispatcher" daemon [_thread_blocked, id=18132, stack(0x0000008487e00000,0x0000008487f00000)]
  0x000002581a16a150 JavaThread "Attach Listener" daemon [_thread_blocked, id=4772, stack(0x0000008487f00000,0x0000008488000000)]
  0x000002581a16b1c0 JavaThread "Service Thread" daemon [_thread_blocked, id=15436, stack(0x0000008488000000,0x0000008488100000)]
  0x000002581a16c230 JavaThread "Monitor Deflation Thread" daemon [_thread_blocked, id=8968, stack(0x0000008488100000,0x0000008488200000)]
=>0x000002581a171270 JavaThread "C2 CompilerThread0" daemon [_thread_in_native, id=7436, stack(0x0000008488200000,0x0000008488300000)]
  0x000002581a171b80 JavaThread "C1 CompilerThread0" daemon [_thread_blocked, id=17356, stack(0x0000008488300000,0x0000008488400000)]
  0x000002581a17b910 JavaThread "Sweeper thread" daemon [_thread_blocked, id=4664, stack(0x0000008488400000,0x0000008488500000)]
  0x000002581a0b73f0 JavaThread "Common-Cleaner" daemon [_thread_blocked, id=17568, stack(0x0000008488500000,0x0000008488600000)]
  0x000002581a2eec10 JavaThread "JDWP Transport Listener: dt_socket" daemon [_thread_blocked, id=9336, stack(0x0000008488600000,0x0000008488700000)]
  0x000002581a2f1cc0 JavaThread "JDWP Event Helper Thread" daemon [_thread_blocked, id=14128, stack(0x0000008488700000,0x0000008488800000)]
  0x000002581a2fe2f0 JavaThread "JDWP Command Reader" daemon [_thread_in_native, id=13184, stack(0x0000008488800000,0x0000008488900000)]
  0x000002581a3e9e40 JavaThread "Notification Thread" daemon [_thread_blocked, id=12160, stack(0x0000008488900000,0x0000008488a00000)]
  0x000002581a444e30 JavaThread "C2 CompilerThread1" daemon [_thread_in_native, id=17732, stack(0x0000008488b00000,0x0000008488c00000)]
  0x0000025860082050 JavaThread "C2 CompilerThread2" daemon [_thread_in_native, id=12296, stack(0x0000008488c00000,0x0000008488d00000)]
  0x000002586376a4c0 JavaThread "mysql-cj-abandoned-connection-cleanup" daemon [_thread_blocked, id=12872, stack(0x0000008489600000,0x0000008489700000)]

Other Threads:
  0x000002581a0d4780 VMThread "VM Thread" [stack: 0x0000008487b00000,0x0000008487c00000] [id=14808]
  0x0000025876f7a350 WatcherThread [stack: 0x0000008488a00000,0x0000008488b00000] [id=16132]
  0x0000025876f5dcf0 GCTaskThread "GC Thread#0" [stack: 0x0000008487600000,0x0000008487700000] [id=5416]
  0x00000258607b4230 GCTaskThread "GC Thread#1" [stack: 0x0000008488d00000,0x0000008488e00000] [id=3128]
  0x00000258607b44f0 GCTaskThread "GC Thread#2" [stack: 0x0000008488e00000,0x0000008488f00000] [id=9068]
  0x00000258607b4a70 GCTaskThread "GC Thread#3" [stack: 0x0000008488f00000,0x0000008489000000] [id=9288]
  0x00000258607b3f70 GCTaskThread "GC Thread#4" [stack: 0x0000008489000000,0x0000008489100000] [id=15768]
  0x00000258607b47b0 GCTaskThread "GC Thread#5" [stack: 0x0000008489100000,0x0000008489200000] [id=5188]
  0x00000258607b2ef0 GCTaskThread "GC Thread#6" [stack: 0x0000008489200000,0x0000008489300000] [id=8536]
  0x00000258607b31b0 GCTaskThread "GC Thread#7" [stack: 0x0000008489300000,0x0000008489400000] [id=10616]
  0x00000258607b3470 GCTaskThread "GC Thread#8" [stack: 0x0000008489400000,0x0000008489500000] [id=11840]
  0x00000258607b3730 GCTaskThread "GC Thread#9" [stack: 0x0000008489500000,0x0000008489600000] [id=8104]
  0x0000025876f70840 ConcurrentGCThread "G1 Main Marker" [stack: 0x0000008487700000,0x0000008487800000] [id=14048]
  0x0000025876f72910 ConcurrentGCThread "G1 Conc#0" [stack: 0x0000008487800000,0x0000008487900000] [id=15252]
  0x0000025862973540 ConcurrentGCThread "G1 Conc#1" [stack: 0x0000008489700000,0x0000008489800000] [id=13084]
  0x0000025862973d80 ConcurrentGCThread "G1 Conc#2" [stack: 0x0000008489800000,0x0000008489900000] [id=2176]
  0x0000025876fbe4d0 ConcurrentGCThread "G1 Refine#0" [stack: 0x0000008487900000,0x0000008487a00000] [id=11884]
  0x0000025819f830f0 ConcurrentGCThread "G1 Service" [stack: 0x0000008487a00000,0x0000008487b00000] [id=14480]

Threads with active compile tasks:
C2 CompilerThread0     2934 4305   !   4      
[error occurred during error reporting (printing all threads), id 0xe0000001, Out of Memory Error (s\open\src\hotspot\share\memory\arena.cpp:78)]

VM state: not at safepoint (normal execution)

VM Mutex/Monitor currently owned by a thread: None

Heap address: 0x0000000703200000, size: 4046 MB, Compressed Oops mode: Zero based, Oop shift amount: 3

CDS archive(s) mapped at: [0x000002581b000000-0x000002581bbd0000-0x000002581bbd0000), size 12386304, SharedBaseAddress: 0x000002581b000000, ArchiveRelocationMode: 1.
Compressed class space mapped at: 0x000002581c000000-0x000002585c000000, reserved size: 1073741824
Narrow klass base: 0x000002581b000000, Narrow klass shift: 0, Narrow klass range: 0x100000000

GC Precious Log:
 CPUs: 12 total, 12 available
 Memory: 16177M
 Large Page Support: Disabled
 NUMA Support: Disabled
 Compressed Oops: Enabled (Zero based)
 Heap Region Size: 2M
 Heap Min Capacity: 8M
 Heap Initial Capacity: 254M
 Heap Max Capacity: 4046M
 Pre-touch: Disabled
 Parallel Workers: 10
 Concurrent Workers: 3
 Concurrent Refinement Workers: 10
 Periodic GC: Disabled

Heap:
 garbage-first heap   total 81920K, used 25059K [0x0000000703200000, 0x0000000800000000)
  region size 2048K, 7 young (14336K), 3 survivors (6144K)
 Metaspace       used 36726K, committed 37120K, reserved 1114112K
  class space    used 4793K, committed 4992K, reserved 1048576K

Heap Regions: E=young(eden), S=young(survivor), O=old, HS=humongous(starts), HC=humongous(continues), CS=collection set, F=free, OA=open archive, CA=closed archive, TAMS=top-at-mark-start (previous, next)
|   0|0x0000000703200000, 0x0000000703400000, 0x0000000703400000|100%| O|  |TAMS 0x0000000703400000, 0x0000000703200000| Untracked 
|   1|0x0000000703400000, 0x0000000703600000, 0x0000000703600000|100%| O|  |TAMS 0x0000000703600000, 0x0000000703400000| Untracked 
|   2|0x0000000703600000, 0x000000070376a600, 0x0000000703800000| 70%| O|  |TAMS 0x000000070376a600, 0x0000000703600000| Untracked 
|   3|0x0000000703800000, 0x0000000703a00000, 0x0000000703a00000|100%| O|  |TAMS 0x0000000703a00000, 0x0000000703800000| Untracked 
|   4|0x0000000703a00000, 0x0000000703c00000, 0x0000000703c00000|100%| O|  |TAMS 0x0000000703c00000, 0x0000000703a00000| Untracked 
|   5|0x0000000703c00000, 0x0000000703c80600, 0x0000000703e00000| 25%| O|  |TAMS 0x0000000703c80600, 0x0000000703c00000| Untracked 
|   6|0x0000000703e00000, 0x0000000703e00000, 0x0000000704000000|  0%| F|  |TAMS 0x0000000703e00000, 0x0000000703e00000| Untracked 
|   7|0x0000000704000000, 0x0000000704000000, 0x0000000704200000|  0%| F|  |TAMS 0x0000000704000000, 0x0000000704000000| Untracked 
|   8|0x0000000704200000, 0x0000000704200000, 0x0000000704400000|  0%| F|  |TAMS 0x0000000704200000, 0x0000000704200000| Untracked 
|   9|0x0000000704400000, 0x0000000704600000, 0x0000000704600000|100%| O|  |TAMS 0x0000000704600000, 0x0000000704400000| Untracked 
|  10|0x0000000704600000, 0x0000000704800000, 0x0000000704800000|100%| O|  |TAMS 0x0000000704800000, 0x0000000704600000| Untracked 
|  11|0x0000000704800000, 0x0000000704800000, 0x0000000704a00000|  0%| F|  |TAMS 0x0000000704800000, 0x0000000704800000| Untracked 
|  12|0x0000000704a00000, 0x0000000704a00000, 0x0000000704c00000|  0%| F|  |TAMS 0x0000000704a00000, 0x0000000704a00000| Untracked 
|  13|0x0000000704c00000, 0x0000000704c00000, 0x0000000704e00000|  0%| F|  |TAMS 0x0000000704c00000, 0x0000000704c00000| Untracked 
|  14|0x0000000704e00000, 0x0000000704e00000, 0x0000000705000000|  0%| F|  |TAMS 0x0000000704e00000, 0x0000000704e00000| Untracked 
|  15|0x0000000705000000, 0x0000000705000000, 0x0000000705200000|  0%| F|  |TAMS 0x0000000705000000, 0x0000000705000000| Untracked 
|  16|0x0000000705200000, 0x0000000705200000, 0x0000000705400000|  0%| F|  |TAMS 0x0000000705200000, 0x0000000705200000| Untracked 
|  17|0x0000000705400000, 0x0000000705400000, 0x0000000705600000|  0%| F|  |TAMS 0x0000000705400000, 0x0000000705400000| Untracked 
|  18|0x0000000705600000, 0x0000000705600000, 0x0000000705800000|  0%| F|  |TAMS 0x0000000705600000, 0x0000000705600000| Untracked 
|  19|0x0000000705800000, 0x0000000705800000, 0x0000000705a00000|  0%| F|  |TAMS 0x0000000705800000, 0x0000000705800000| Untracked 
|  20|0x0000000705a00000, 0x0000000705a00000, 0x0000000705c00000|  0%| F|  |TAMS 0x0000000705a00000, 0x0000000705a00000| Untracked 
|  21|0x0000000705c00000, 0x0000000705c00000, 0x0000000705e00000|  0%| F|  |TAMS 0x0000000705c00000, 0x0000000705c00000| Untracked 
|  22|0x0000000705e00000, 0x0000000705e00000, 0x0000000706000000|  0%| F|  |TAMS 0x0000000705e00000, 0x0000000705e00000| Untracked 
|  23|0x0000000706000000, 0x0000000706000000, 0x0000000706200000|  0%| F|  |TAMS 0x0000000706000000, 0x0000000706000000| Untracked 
|  24|0x0000000706200000, 0x0000000706200000, 0x0000000706400000|  0%| F|  |TAMS 0x0000000706200000, 0x0000000706200000| Untracked 
|  25|0x0000000706400000, 0x0000000706400000, 0x0000000706600000|  0%| F|  |TAMS 0x0000000706400000, 0x0000000706400000| Untracked 
|  26|0x0000000706600000, 0x0000000706600000, 0x0000000706800000|  0%| F|  |TAMS 0x0000000706600000, 0x0000000706600000| Untracked 
|  27|0x0000000706800000, 0x0000000706800000, 0x0000000706a00000|  0%| F|  |TAMS 0x0000000706800000, 0x0000000706800000| Untracked 
|  28|0x0000000706a00000, 0x0000000706a00000, 0x0000000706c00000|  0%| F|  |TAMS 0x0000000706a00000, 0x0000000706a00000| Untracked 
|  29|0x0000000706c00000, 0x0000000706c00000, 0x0000000706e00000|  0%| F|  |TAMS 0x0000000706c00000, 0x0000000706c00000| Untracked 
|  30|0x0000000706e00000, 0x0000000706e00000, 0x0000000707000000|  0%| F|  |TAMS 0x0000000706e00000, 0x0000000706e00000| Untracked 
|  31|0x0000000707000000, 0x0000000707000000, 0x0000000707200000|  0%| F|  |TAMS 0x0000000707000000, 0x0000000707000000| Untracked 
|  32|0x0000000707200000, 0x0000000707200000, 0x0000000707400000|  0%| F|  |TAMS 0x0000000707200000, 0x0000000707200000| Untracked 
|  33|0x0000000707400000, 0x0000000707501368, 0x0000000707600000| 50%| E|  |TAMS 0x0000000707400000, 0x0000000707400000| Complete 
|  34|0x0000000707600000, 0x0000000707800000, 0x0000000707800000|100%| E|CS|TAMS 0x0000000707600000, 0x0000000707600000| Complete 
|  35|0x0000000707800000, 0x0000000707a00000, 0x0000000707a00000|100%| E|CS|TAMS 0x0000000707800000, 0x0000000707800000| Complete 
|  59|0x000000070a800000, 0x000000070a88e128, 0x000000070aa00000| 27%| S|CS|TAMS 0x000000070a800000, 0x000000070a800000| Complete 
|  60|0x000000070aa00000, 0x000000070ac00000, 0x000000070ac00000|100%| S|CS|TAMS 0x000000070aa00000, 0x000000070aa00000| Complete 
|  61|0x000000070ac00000, 0x000000070ae00000, 0x000000070ae00000|100%| S|CS|TAMS 0x000000070ac00000, 0x000000070ac00000| Complete 
| 126|0x0000000712e00000, 0x0000000713000000, 0x0000000713000000|100%| E|CS|TAMS 0x0000000712e00000, 0x0000000712e00000| Complete 

Card table byte_map: [0x000002587f4f0000,0x000002587fce0000] _byte_map_base: 0x000002587bcd7000

Marking Bits (Prev, Next): (CMBitMap*) 0x0000025876f5f230, (CMBitMap*) 0x0000025876f5f270
 Prev Bits: [0x000002580f7f0000, 0x0000025813728000)
 Next Bits: [0x0000025813730000, 0x0000025817668000)

Polling page: 0x0000025874c30000

Metaspace:

Usage:
  Non-class:     31.18 MB used.
      Class:      4.68 MB used.
       Both:     35.87 MB used.

Virtual space:
  Non-class space:       64.00 MB reserved,      31.38 MB ( 49%) committed,  1 nodes.
      Class space:        1.00 GB reserved,       4.88 MB ( <1%) committed,  1 nodes.
             Both:        1.06 GB reserved,      36.25 MB (  3%) committed. 

Chunk freelists:
   Non-Class:  576.00 KB
       Class:  11.05 MB
        Both:  11.61 MB

MaxMetaspaceSize: unlimited
CompressedClassSpaceSize: 1.00 GB
Initial GC threshold: 21.00 MB
Current GC threshold: 58.88 MB
CDS: on
MetaspaceReclaimPolicy: balanced
 - commit_granule_bytes: 65536.
 - commit_granule_words: 8192.
 - virtual_space_node_default_size: 8388608.
 - enlarge_chunks_in_place: 1.
 - new_chunks_are_fully_committed: 0.
 - uncommit_free_chunks: 1.
 - use_allocation_guard: 0.
 - handle_deallocations: 1.


Internal statistics:

num_allocs_failed_limit: 6.
num_arena_births: 532.
num_arena_deaths: 0.
num_vsnodes_births: 2.
num_vsnodes_deaths: 0.
num_space_committed: 580.
num_space_uncommitted: 0.
num_chunks_returned_to_freelist: 6.
num_chunks_taken_from_freelist: 1834.
num_chunk_merges: 6.
num_chunk_splits: 1245.
num_chunks_enlarged: 930.
num_inconsistent_stats: 0.

CodeHeap 'non-profiled nmethods': size=120000Kb used=2758Kb max_used=2758Kb free=117241Kb
 bounds [0x0000025807ad0000, 0x0000025807d90000, 0x000002580f000000]
CodeHeap 'profiled nmethods': size=120000Kb used=9779Kb max_used=9779Kb free=110220Kb
 bounds [0x0000025800000000, 0x0000025800990000, 0x0000025807530000]
CodeHeap 'non-nmethods': size=5760Kb used=1302Kb max_used=1397Kb free=4457Kb
 bounds [0x0000025807530000, 0x00000258077a0000, 0x0000025807ad0000]
 total_blobs=4984 nmethods=4442 adapters=454
 compilation: enabled
              stopped_count=0, restarted_count=0
 full_count=0

Compilation events (20 events):
Event: 2.714 Thread 0x000002581a171b80 4463       2       java.util.regex.Pattern$GroupHead::match (47 bytes)
Event: 2.714 Thread 0x000002581a171b80 nmethod 4463 0x000002580098ab10 code [0x000002580098acc0, 0x000002580098aea8]
Event: 2.714 Thread 0x000002581a171b80 4465   !   2       jdk.proxy2.$Proxy5::annotationType (29 bytes)
Event: 2.715 Thread 0x000002581a171b80 nmethod 4465 0x000002580098b010 code [0x000002580098b1e0, 0x000002580098b4b8]
Event: 2.716 Thread 0x000002581a171b80 4466       2       org.springframework.util.ConcurrentReferenceHashMap::putIfAbsent (8 bytes)
Event: 2.716 Thread 0x000002581a171b80 nmethod 4466 0x000002580098b690 code [0x000002580098b820, 0x000002580098b968]
Event: 2.716 Thread 0x000002581a171b80 4467       2       java.lang.Class::isLocalOrAnonymousClass (5 bytes)
Event: 2.716 Thread 0x000002581a171b80 nmethod 4467 0x000002580098ba10 code [0x000002580098bbc0, 0x000002580098bd18]
Event: 2.716 Thread 0x000002581a171b80 4468       2       java.lang.Class::hasEnclosingMethodInfo (17 bytes)
Event: 2.716 Thread 0x000002581a171b80 nmethod 4468 0x000002580098be10 code [0x000002580098bfc0, 0x000002580098c138]
Event: 2.725 Thread 0x000002581a171270 nmethod 4118 0x0000025807d67e10 code [0x0000025807d685e0, 0x0000025807d72ea0]
Event: 2.726 Thread 0x000002581a171b80 4469       2       java.lang.AbstractStringBuilder::setLength (66 bytes)
Event: 2.726 Thread 0x000002581a171270 4440       4       java.util.TreeMap::successor (66 bytes)
Event: 2.727 Thread 0x000002581a171b80 nmethod 4469 0x000002580098c210 code [0x000002580098c3e0, 0x000002580098c678]
Event: 2.727 Thread 0x000002581a171270 nmethod 4440 0x0000025807d79290 code [0x0000025807d79400, 0x0000025807d794f8]
Event: 2.727 Thread 0x000002581a171270 4305   !   4       org.springframework.core.annotation.AnnotationsScanner::processMethodHierarchy (276 bytes)
Event: 2.728 Thread 0x000002581a444e30 nmethod 4396 0x0000025807d79610 code [0x0000025807d79960, 0x0000025807d7eda0]
Event: 2.728 Thread 0x000002581a444e30 4187       4       org.springframework.core.annotation.TypeMappedAnnotations$MergedAnnotationFinder::doWithAnnotations (75 bytes)
Event: 2.737 Thread 0x000002581a171b80 4471       2       jdk.internal.jimage.ImageReader::requireOpen (18 bytes)
Event: 2.737 Thread 0x000002581a171b80 nmethod 4471 0x000002580098c810 code [0x000002580098c9c0, 0x000002580098cba8]

GC Heap History (16 events):
Event: 0.500 GC heap before
{Heap before GC invocations=0 (full 0):
 garbage-first heap   total 260096K, used 22528K [0x0000000703200000, 0x0000000800000000)
  region size 2048K, 11 young (22528K), 0 survivors (0K)
 Metaspace       used 3965K, committed 4160K, reserved 1114112K
  class space    used 490K, committed 576K, reserved 1048576K
}
Event: 0.504 GC heap after
{Heap after GC invocations=1 (full 0):
 garbage-first heap   total 260096K, used 5284K [0x0000000703200000, 0x0000000800000000)
  region size 2048K, 2 young (4096K), 2 survivors (4096K)
 Metaspace       used 3965K, committed 4160K, reserved 1114112K
  class space    used 490K, committed 576K, reserved 1048576K
}
Event: 0.896 GC heap before
{Heap before GC invocations=1 (full 0):
 garbage-first heap   total 260096K, used 31908K [0x0000000703200000, 0x0000000800000000)
  region size 2048K, 15 young (30720K), 2 survivors (4096K)
 Metaspace       used 9807K, committed 9984K, reserved 1114112K
  class space    used 1255K, committed 1344K, reserved 1048576K
}
Event: 0.899 GC heap after
{Heap after GC invocations=2 (full 0):
 garbage-first heap   total 260096K, used 7554K [0x0000000703200000, 0x0000000800000000)
  region size 2048K, 1 young (2048K), 1 survivors (2048K)
 Metaspace       used 9807K, committed 9984K, reserved 1114112K
  class space    used 1255K, committed 1344K, reserved 1048576K
}
Event: 1.418 GC heap before
{Heap before GC invocations=2 (full 0):
 garbage-first heap   total 260096K, used 71042K [0x0000000703200000, 0x0000000800000000)
  region size 2048K, 33 young (67584K), 1 survivors (2048K)
 Metaspace       used 21280K, committed 21504K, reserved 1114112K
  class space    used 2771K, committed 2880K, reserved 1048576K
}
Event: 1.421 GC heap after
{Heap after GC invocations=3 (full 0):
 garbage-first heap   total 260096K, used 11535K [0x0000000703200000, 0x0000000800000000)
  region size 2048K, 3 young (6144K), 3 survivors (6144K)
 Metaspace       used 21280K, committed 21504K, reserved 1114112K
  class space    used 2771K, committed 2880K, reserved 1048576K
}
Event: 1.691 GC heap before
{Heap before GC invocations=4 (full 0):
 garbage-first heap   total 49152K, used 32015K [0x0000000703200000, 0x0000000800000000)
  region size 2048K, 15 young (30720K), 3 survivors (6144K)
 Metaspace       used 23818K, committed 24128K, reserved 1114112K
  class space    used 3094K, committed 3264K, reserved 1048576K
}
Event: 1.696 GC heap after
{Heap after GC invocations=5 (full 0):
 garbage-first heap   total 49152K, used 13121K [0x0000000703200000, 0x0000000800000000)
  region size 2048K, 4 young (8192K), 4 survivors (8192K)
 Metaspace       used 23818K, committed 24128K, reserved 1114112K
  class space    used 3094K, committed 3264K, reserved 1048576K
}
Event: 1.935 GC heap before
{Heap before GC invocations=5 (full 0):
 garbage-first heap   total 49152K, used 31553K [0x0000000703200000, 0x0000000800000000)
  region size 2048K, 13 young (26624K), 4 survivors (8192K)
 Metaspace       used 26736K, committed 27136K, reserved 1114112K
  class space    used 3483K, committed 3712K, reserved 1048576K
}
Event: 1.941 GC heap after
{Heap after GC invocations=6 (full 0):
 garbage-first heap   total 49152K, used 14835K [0x0000000703200000, 0x0000000800000000)
  region size 2048K, 1 young (2048K), 1 survivors (2048K)
 Metaspace       used 26736K, committed 27136K, reserved 1114112K
  class space    used 3483K, committed 3712K, reserved 1048576K
}
Event: 2.137 GC heap before
{Heap before GC invocations=6 (full 0):
 garbage-first heap   total 49152K, used 33267K [0x0000000703200000, 0x0000000800000000)
  region size 2048K, 10 young (20480K), 1 survivors (2048K)
 Metaspace       used 30761K, committed 31168K, reserved 1114112K
  class space    used 4011K, committed 4224K, reserved 1048576K
}
Event: 2.141 GC heap after
{Heap after GC invocations=7 (full 0):
 garbage-first heap   total 49152K, used 15379K [0x0000000703200000, 0x0000000800000000)
  region size 2048K, 2 young (4096K), 2 survivors (4096K)
 Metaspace       used 30761K, committed 31168K, reserved 1114112K
  class space    used 4011K, committed 4224K, reserved 1048576K
}
Event: 2.352 GC heap before
{Heap before GC invocations=7 (full 0):
 garbage-first heap   total 49152K, used 31763K [0x0000000703200000, 0x0000000800000000)
  region size 2048K, 10 young (20480K), 2 survivors (4096K)
 Metaspace       used 32957K, committed 33344K, reserved 1114112K
  class space    used 4272K, committed 4480K, reserved 1048576K
}
Event: 2.356 GC heap after
{Heap after GC invocations=8 (full 0):
 garbage-first heap   total 155648K, used 16551K [0x0000000703200000, 0x0000000800000000)
  region size 2048K, 2 young (4096K), 2 survivors (4096K)
 Metaspace       used 32957K, committed 33344K, reserved 1114112K
  class space    used 4272K, committed 4480K, reserved 1048576K
}
Event: 2.657 GC heap before
{Heap before GC invocations=8 (full 0):
 garbage-first heap   total 155648K, used 43175K [0x0000000703200000, 0x0000000800000000)
  region size 2048K, 16 young (32768K), 2 survivors (4096K)
 Metaspace       used 35718K, committed 36096K, reserved 1114112K
  class space    used 4643K, committed 4800K, reserved 1048576K
}
Event: 2.662 GC heap after
{Heap after GC invocations=9 (full 0):
 garbage-first heap   total 155648K, used 18915K [0x0000000703200000, 0x0000000800000000)
  region size 2048K, 3 young (6144K), 3 survivors (6144K)
 Metaspace       used 35718K, committed 36096K, reserved 1114112K
  class space    used 4643K, committed 4800K, reserved 1048576K
}

Deoptimization events (20 events):
Event: 2.802 Thread 0x0000025876ef0e30 DEOPT PACKING pc=0x00000258002095f4 sp=0x00000084875fb590
Event: 2.802 Thread 0x0000025876ef0e30 DEOPT UNPACKING pc=0x0000025807582b43 sp=0x00000084875faaa0 mode 1
Event: 2.802 Thread 0x0000025876ef0e30 DEOPT PACKING pc=0x00000258001c4d5c sp=0x00000084875fb650
Event: 2.802 Thread 0x0000025876ef0e30 DEOPT UNPACKING pc=0x0000025807582b43 sp=0x00000084875faaf8 mode 1
Event: 2.802 Thread 0x0000025876ef0e30 DEOPT PACKING pc=0x00000258001c3684 sp=0x00000084875fb6a0
Event: 2.802 Thread 0x0000025876ef0e30 DEOPT UNPACKING pc=0x0000025807582b43 sp=0x00000084875fab58 mode 1
Event: 2.802 Thread 0x0000025876ef0e30 DEOPT PACKING pc=0x00000258001c5eb4 sp=0x00000084875fb720
Event: 2.802 Thread 0x0000025876ef0e30 DEOPT UNPACKING pc=0x0000025807582b43 sp=0x00000084875fabe0 mode 1
Event: 2.810 Thread 0x0000025876ef0e30 DEOPT PACKING pc=0x00000258009690a4 sp=0x00000084875fa330
Event: 2.810 Thread 0x0000025876ef0e30 DEOPT UNPACKING pc=0x0000025807582b43 sp=0x00000084875f97d0 mode 1
Event: 2.810 Thread 0x0000025876ef0e30 DEOPT PACKING pc=0x000002580093516c sp=0x00000084875fa380
Event: 2.810 Thread 0x0000025876ef0e30 DEOPT UNPACKING pc=0x0000025807582b43 sp=0x00000084875f9870 mode 1
Event: 2.810 Thread 0x0000025876ef0e30 Uncommon trap: trap_request=0xffffffde fr.pc=0x0000025807bef528 relative=0x0000000000001588
Event: 2.810 Thread 0x0000025876ef0e30 Uncommon trap: reason=class_check action=maybe_recompile pc=0x0000025807bef528 method=java.util.zip.InflaterInputStream.read([BII)I @ 100 c2
Event: 2.810 Thread 0x0000025876ef0e30 DEOPT PACKING pc=0x0000025807bef528 sp=0x00000084875f9ed0
Event: 2.810 Thread 0x0000025876ef0e30 DEOPT UNPACKING pc=0x00000258075823a3 sp=0x00000084875f9f30 mode 2
Event: 2.810 Thread 0x0000025876ef0e30 Uncommon trap: trap_request=0xffffffde fr.pc=0x0000025807bef528 relative=0x0000000000001588
Event: 2.810 Thread 0x0000025876ef0e30 Uncommon trap: reason=class_check action=maybe_recompile pc=0x0000025807bef528 method=java.util.zip.InflaterInputStream.read([BII)I @ 100 c2
Event: 2.810 Thread 0x0000025876ef0e30 DEOPT PACKING pc=0x0000025807bef528 sp=0x00000084875f9ed0
Event: 2.810 Thread 0x0000025876ef0e30 DEOPT UNPACKING pc=0x00000258075823a3 sp=0x00000084875f9f30 mode 2

Classes unloaded (0 events):
No events

Classes redefined (0 events):
No events

Internal exceptions (20 events):
Event: 2.181 Thread 0x0000025876ef0e30 Implicit null exception at 0x0000025807b64ff7 to 0x0000025807b65844
Event: 2.182 Thread 0x0000025876ef0e30 Implicit null exception at 0x0000025807b597f7 to 0x0000025807b5a03c
Event: 2.247 Thread 0x0000025876ef0e30 Exception <a 'java/lang/IncompatibleClassChangeError'{0x00000007058d0d78}: Found class java.lang.Object, but interface was expected> (0x00000007058d0d78) 
thrown [s\open\src\hotspot\share\interpreter\linkResolver.cpp, line 826]
Event: 2.366 Thread 0x0000025876ef0e30 Exception <a 'java/lang/NoSuchMethodError'{0x0000000712ec2ca8}: 'void java.lang.invoke.DirectMethodHandle$Holder.invokeInterface(java.lang.Object, java.lang.Object, int)'> (0x0000000712ec2ca8) 
thrown [s\open\src\hotspot\share\interpreter\linkResolver.cpp, line 759]
Event: 2.370 Thread 0x0000025876ef0e30 Exception <a 'java/lang/IncompatibleClassChangeError'{0x0000000712f38120}: Found class java.lang.Object, but interface was expected> (0x0000000712f38120) 
thrown [s\open\src\hotspot\share\interpreter\linkResolver.cpp, line 826]
Event: 2.370 Thread 0x0000025876ef0e30 Exception <a 'java/lang/NoSuchMethodError'{0x0000000712f492b0}: 'int java.lang.invoke.DirectMethodHandle$Holder.invokeSpecialIFC(java.lang.Object, java.lang.Object, java.lang.Object)'> (0x0000000712f492b0) 
thrown [s\open\src\hotspot\share\interpreter\linkResolver.cpp, line 759]
Event: 2.371 Thread 0x0000025876ef0e30 Exception <a 'java/lang/NoSuchMethodError'{0x0000000712f61ea0}: 'void java.lang.invoke.DirectMethodHandle$Holder.invokeStatic(java.lang.Object, int, java.lang.Object)'> (0x0000000712f61ea0) 
thrown [s\open\src\hotspot\share\interpreter\linkResolver.cpp, line 759]
Event: 2.512 Thread 0x0000025876ef0e30 Exception <a 'sun/nio/fs/WindowsException'{0x000000070bc36798}> (0x000000070bc36798) 
thrown [s\open\src\hotspot\share\prims\jni.cpp, line 516]
Event: 2.513 Thread 0x0000025876ef0e30 Exception <a 'sun/nio/fs/WindowsException'{0x000000070bc3c448}> (0x000000070bc3c448) 
thrown [s\open\src\hotspot\share\prims\jni.cpp, line 516]
Event: 2.541 Thread 0x0000025876ef0e30 Exception <a 'java/lang/IncompatibleClassChangeError'{0x000000070bb71f28}: Found class java.lang.Object, but interface was expected> (0x000000070bb71f28) 
thrown [s\open\src\hotspot\share\interpreter\linkResolver.cpp, line 826]
Event: 2.564 Thread 0x0000025876ef0e30 Exception <a 'java/lang/NoSuchMethodError'{0x000000070b9088d0}: 'void java.lang.invoke.DirectMethodHandle$Holder.invokeVirtual(java.lang.Object, java.lang.Object, long)'> (0x000000070b9088d0) 
thrown [s\open\src\hotspot\share\interpreter\linkResolver.cpp, line 759]
Event: 2.608 Thread 0x0000025876ef0e30 Exception <a 'java/lang/NoSuchMethodError'{0x000000070b528080}: 'int java.lang.invoke.DirectMethodHandle$Holder.invokeStaticInit(java.lang.Object, java.lang.Object, java.lang.Object, java.lang.Object)'> (0x000000070b528080) 
thrown [s\open\src\hotspot\share\interpreter\linkResolver.cpp, line 759]
Event: 2.668 Thread 0x0000025876ef0e30 Exception <a 'java/lang/IncompatibleClassChangeError'{0x0000000712e36c30}: Found class java.lang.Object, but interface was expected> (0x0000000712e36c30) 
thrown [s\open\src\hotspot\share\interpreter\linkResolver.cpp, line 826]
Event: 2.688 Thread 0x0000025876ef0e30 Exception <a 'java/lang/NoSuchMethodError'{0x000000070784ed68}: 'java.lang.Object java.lang.invoke.DirectMethodHandle$Holder.newInvokeSpecial(java.lang.Object, java.lang.Object, int, java.lang.Object, java.lang.Object)'> (0x000000070784ed68) 
thrown [s\open\src\hotspot\share\interpreter\linkResolver.cpp, line 759]
Event: 2.689 Thread 0x0000025876ef0e30 Exception <a 'java/lang/NoSuchMethodError'{0x000000070785e290}: 'java.lang.Object java.lang.invoke.DirectMethodHandle$Holder.newInvokeSpecial(java.lang.Object, java.lang.Object, java.lang.Object, int)'> (0x000000070785e290) 
thrown [s\open\src\hotspot\share\interpreter\linkResolver.cpp, line 759]
Event: 2.736 Thread 0x0000025876ef0e30 Exception <a 'java/lang/reflect/InvocationTargetException'{0x0000000707781308}> (0x0000000707781308) 
thrown [s\open\src\hotspot\share\runtime\reflection.cpp, line 1121]
Event: 2.744 Thread 0x0000025876ef0e30 Exception <a 'java/lang/NoSuchMethodError'{0x00000007077b4120}: 'void java.lang.invoke.DirectMethodHandle$Holder.invokeStatic(java.lang.Object, long)'> (0x00000007077b4120) 
thrown [s\open\src\hotspot\share\interpreter\linkResolver.cpp, line 759]
Event: 2.744 Thread 0x0000025876ef0e30 Exception <a 'java/lang/NoSuchMethodError'{0x00000007077b9ae0}: 'java.lang.Object java.lang.invoke.DirectMethodHandle$Holder.newInvokeSpecial(java.lang.Object, long)'> (0x00000007077b9ae0) 
thrown [s\open\src\hotspot\share\interpreter\linkResolver.cpp, line 759]
Event: 2.802 Thread 0x0000025876ef0e30 Exception <a 'java/lang/reflect/InvocationTargetException'{0x000000070741f410}> (0x000000070741f410) 
thrown [s\open\src\hotspot\share\runtime\reflection.cpp, line 1121]
Event: 2.810 Thread 0x0000025876ef0e30 Exception <a 'java/lang/reflect/InvocationTargetException'{0x00000007074ba110}> (0x00000007074ba110) 
thrown [s\open\src\hotspot\share\runtime\reflection.cpp, line 1121]

VM Operations (20 events):
Event: 2.312 Executing VM operation: HandshakeAllThreads
Event: 2.312 Executing VM operation: HandshakeAllThreads done
Event: 2.351 Executing VM operation: G1CollectForAllocation
Event: 2.356 Executing VM operation: G1CollectForAllocation done
Event: 2.463 Executing VM operation: HandshakeAllThreads
Event: 2.463 Executing VM operation: HandshakeAllThreads done
Event: 2.483 Executing VM operation: HandshakeAllThreads
Event: 2.483 Executing VM operation: HandshakeAllThreads done
Event: 2.578 Executing VM operation: HandshakeAllThreads
Event: 2.578 Executing VM operation: HandshakeAllThreads done
Event: 2.587 Executing VM operation: ICBufferFull
Event: 2.587 Executing VM operation: ICBufferFull done
Event: 2.657 Executing VM operation: CollectForMetadataAllocation
Event: 2.662 Executing VM operation: CollectForMetadataAllocation done
Event: 2.670 Executing VM operation: G1Concurrent
Event: 2.672 Executing VM operation: G1Concurrent done
Event: 2.676 Executing VM operation: G1Concurrent
Event: 2.676 Executing VM operation: G1Concurrent done
Event: 2.745 Executing VM operation: HandshakeAllThreads
Event: 2.745 Executing VM operation: HandshakeAllThreads done

Events (20 events):
Event: 2.806 loading class net/bytebuddy/ClassFileVersion$VersionLocator
Event: 2.806 loading class net/bytebuddy/ClassFileVersion$VersionLocator done
Event: 2.807 loading class net/bytebuddy/ClassFileVersion$VersionLocator$Resolved
Event: 2.807 loading class net/bytebuddy/ClassFileVersion$VersionLocator$Resolved done
Event: 2.807 loading class org/mockito/internal/util/reflection/InstrumentationMemberAccessor
Event: 2.807 loading class org/mockito/internal/util/reflection/InstrumentationMemberAccessor done
Event: 2.808 loading class net/bytebuddy/matcher/ElementMatcher
Event: 2.808 loading class net/bytebuddy/matcher/ElementMatcher done
Event: 2.808 loading class net/bytebuddy/implementation/Implementation
Event: 2.808 loading class net/bytebuddy/implementation/Implementation done
Event: 2.808 loading class net/bytebuddy/dynamic/scaffold/InstrumentedType$Prepareable
Event: 2.808 loading class net/bytebuddy/dynamic/scaffold/InstrumentedType$Prepareable done
Event: 2.808 loading class net/bytebuddy/implementation/MethodCall
Event: 2.808 loading class net/bytebuddy/implementation/MethodCall done
Event: 2.809 loading class net/bytebuddy/implementation/Implementation$Composable
Event: 2.809 loading class net/bytebuddy/implementation/Implementation$Composable done
Event: 2.809 loading class net/bytebuddy/implementation/MethodCall$WithoutSpecifiedTarget
Event: 2.809 loading class net/bytebuddy/implementation/MethodCall$WithoutSpecifiedTarget done
Event: 2.809 loading class net/bytebuddy/dynamic/loading/ClassLoadingStrategy
Event: 2.809 loading class net/bytebuddy/dynamic/loading/ClassLoadingStrategy done


Dynamic libraries:
0x00007ff766770000 - 0x00007ff766780000 	D:\Environment\jdk17\bin\java.exe
0x00007ffdb73d0000 - 0x00007ffdb75c8000 	C:\Windows\SYSTEM32\ntdll.dll
0x00007ffdb6800000 - 0x00007ffdb68bd000 	C:\Windows\System32\KERNEL32.DLL
0x00007ffdb4af0000 - 0x00007ffdb4dbe000 	C:\Windows\System32\KERNELBASE.dll
0x00007ffdb5140000 - 0x00007ffdb5240000 	C:\Windows\System32\ucrtbase.dll
0x00007ffda94a0000 - 0x00007ffda94b9000 	D:\Environment\jdk17\bin\jli.dll
0x00007ffda94c0000 - 0x00007ffda94db000 	D:\Environment\jdk17\bin\VCRUNTIME140.dll
0x00007ffdb5aa0000 - 0x00007ffdb5b4e000 	C:\Windows\System32\ADVAPI32.dll
0x00007ffdb5fb0000 - 0x00007ffdb604e000 	C:\Windows\System32\msvcrt.dll
0x00007ffdb5c20000 - 0x00007ffdb5cbc000 	C:\Windows\System32\sechost.dll
0x00007ffdb5970000 - 0x00007ffdb5a95000 	C:\Windows\System32\RPCRT4.dll
0x00007ffdb5430000 - 0x00007ffdb55d0000 	C:\Windows\System32\USER32.dll
0x00007ffd9c8f0000 - 0x00007ffd9cb8a000 	C:\Windows\WinSxS\amd64_microsoft.windows.common-controls_6595b64144ccf1df_6.0.19041.1110_none_60b5254171f9507e\COMCTL32.dll
0x00007ffdb52f0000 - 0x00007ffdb5312000 	C:\Windows\System32\win32u.dll
0x00007ffdb69b0000 - 0x00007ffdb69da000 	C:\Windows\System32\GDI32.dll
0x00007ffdb4f20000 - 0x00007ffdb502b000 	C:\Windows\System32\gdi32full.dll
0x00007ffdb5390000 - 0x00007ffdb542d000 	C:\Windows\System32\msvcp_win.dll
0x00007ffdaaa20000 - 0x00007ffdaaa2a000 	C:\Windows\SYSTEM32\VERSION.dll
0x00007ffdb5940000 - 0x00007ffdb5970000 	C:\Windows\System32\IMM32.DLL
0x00007ffda9490000 - 0x00007ffda949c000 	D:\Environment\jdk17\bin\vcruntime140_1.dll
0x00007ffd83d50000 - 0x00007ffd83dde000 	D:\Environment\jdk17\bin\msvcp140.dll
0x00007ffd57250000 - 0x00007ffd57e2f000 	D:\Environment\jdk17\bin\server\jvm.dll
0x00007ffdb55d0000 - 0x00007ffdb55d8000 	C:\Windows\System32\PSAPI.DLL
0x00007ffdacfe0000 - 0x00007ffdacfe9000 	C:\Windows\SYSTEM32\WSOCK32.dll
0x00007ffda0030000 - 0x00007ffda0057000 	C:\Windows\SYSTEM32\WINMM.dll
0x00007ffdb6940000 - 0x00007ffdb69ab000 	C:\Windows\System32\WS2_32.dll
0x00007ffdb3370000 - 0x00007ffdb3382000 	C:\Windows\SYSTEM32\kernel.appcore.dll
0x00007ffda9480000 - 0x00007ffda948a000 	D:\Environment\jdk17\bin\jimage.dll
0x00007ffdb28b0000 - 0x00007ffdb2a94000 	C:\Windows\SYSTEM32\DBGHELP.DLL
0x00007ffda6910000 - 0x00007ffda693c000 	C:\Windows\SYSTEM32\dbgcore.DLL
0x00007ffdb50b0000 - 0x00007ffdb5132000 	C:\Windows\System32\bcryptPrimitives.dll
0x00007ffda8fd0000 - 0x00007ffda900b000 	D:\Environment\jdk17\bin\jdwp.dll
0x00007ffda9460000 - 0x00007ffda946e000 	D:\Environment\jdk17\bin\instrument.dll
0x00007ffd95760000 - 0x00007ffd95785000 	D:\Environment\jdk17\bin\java.dll
0x00007ffd95740000 - 0x00007ffd95758000 	D:\Environment\jdk17\bin\zip.dll
0x00007ffd80f80000 - 0x00007ffd81057000 	D:\Environment\jdk17\bin\jsvml.dll
0x00007ffdb6050000 - 0x00007ffdb6793000 	C:\Windows\System32\SHELL32.dll
0x00007ffdb2bc0000 - 0x00007ffdb3355000 	C:\Windows\SYSTEM32\windows.storage.dll
0x00007ffdb55e0000 - 0x00007ffdb5934000 	C:\Windows\System32\combase.dll
0x00007ffdb4550000 - 0x00007ffdb4580000 	C:\Windows\SYSTEM32\Wldp.dll
0x00007ffdb5d20000 - 0x00007ffdb5dcd000 	C:\Windows\System32\SHCORE.dll
0x00007ffdb5dd0000 - 0x00007ffdb5e25000 	C:\Windows\System32\shlwapi.dll
0x00007ffdb4a30000 - 0x00007ffdb4a4f000 	C:\Windows\SYSTEM32\profapi.dll
0x00007ffd9d9b0000 - 0x00007ffd9d9bc000 	D:\Environment\jdk17\bin\dt_socket.dll
0x00007ffdb3f50000 - 0x00007ffdb3f8b000 	C:\Windows\SYSTEM32\IPHLPAPI.DLL
0x00007ffdb42b0000 - 0x00007ffdb431a000 	C:\Windows\system32\mswsock.dll
0x00007ffd95450000 - 0x00007ffd95469000 	D:\Environment\jdk17\bin\net.dll
0x00007ffdac490000 - 0x00007ffdac59a000 	C:\Windows\SYSTEM32\WINHTTP.dll
0x00007ffd8bfa0000 - 0x00007ffd8bfb6000 	D:\Environment\jdk17\bin\nio.dll
0x00007ffd95730000 - 0x00007ffd95740000 	D:\Environment\jdk17\bin\verify.dll
0x00007ffd953e0000 - 0x00007ffd953ee000 	D:\Environment\jdk17\bin\sunmscapi.dll
0x00007ffdb4dc0000 - 0x00007ffdb4f16000 	C:\Windows\System32\CRYPT32.dll
0x00007ffdb45c0000 - 0x00007ffdb45e7000 	C:\Windows\SYSTEM32\ncrypt.dll
0x00007ffdb4580000 - 0x00007ffdb45bb000 	C:\Windows\SYSTEM32\NTASN1.dll
0x00007ffd95ad0000 - 0x00007ffd95b1b000 	C:\Program Files (x86)\Sangfor\SSL\ClientComponent\SangforNspX64.dll
0x00007ffdb6be0000 - 0x00007ffdb6d0a000 	C:\Windows\System32\ole32.dll
0x00007ffdb5b50000 - 0x00007ffdb5c1d000 	C:\Windows\System32\OLEAUT32.dll
0x00007ffd8f630000 - 0x00007ffd8f647000 	C:\Windows\system32\napinsp.dll
0x00007ffd8f610000 - 0x00007ffd8f62b000 	C:\Windows\system32\pnrpnsp.dll
0x00007ffdab120000 - 0x00007ffdab135000 	C:\Windows\system32\wshbth.dll
0x00007ffdacce0000 - 0x00007ffdaccfd000 	C:\Windows\system32\NLAapi.dll
0x00007ffdb3fa0000 - 0x00007ffdb406a000 	C:\Windows\SYSTEM32\DNSAPI.dll
0x00007ffdb5ef0000 - 0x00007ffdb5ef8000 	C:\Windows\System32\NSI.dll
0x00007ffd8f5f0000 - 0x00007ffd8f602000 	C:\Windows\System32\winrnr.dll
0x00007ffda9d00000 - 0x00007ffda9d0a000 	C:\Windows\System32\rasadhlp.dll
0x00007ffda88d0000 - 0x00007ffda8950000 	C:\Windows\System32\fwpuclnt.dll
0x00007ffdb5030000 - 0x00007ffdb5057000 	C:\Windows\System32\bcrypt.dll
0x00007ffda9d10000 - 0x00007ffda9d27000 	C:\Windows\SYSTEM32\dhcpcsvc6.DLL
0x00007ffda9e20000 - 0x00007ffda9e3d000 	C:\Windows\SYSTEM32\dhcpcsvc.DLL
0x00007ffd93b40000 - 0x00007ffd93b4a000 	D:\Environment\jdk17\bin\management.dll
0x00007ffd93950000 - 0x00007ffd9395b000 	D:\Environment\jdk17\bin\management_ext.dll

dbghelp: loaded successfully - version: 4.0.5 - missing functions: none
symbol engine: initialized successfully - sym options: 0x614 - pdb path: (cannot be retrieved)

VM Arguments:
jvm_args: -agentlib:jdwp=transport=dt_socket,address=127.0.0.1:2580,suspend=y,server=n -ea -Didea.test.cyclic.buffer.size=1048576 -javaagent:C:\Users\liyb\AppData\Local\JetBrains\IntelliJIdea2022.1\captureAgent\debugger-agent.jar -Dfile.encoding=UTF-8 
java_command: com.intellij.rt.junit.JUnitStarter -ideVersion5 -junit5 com.user.usercenter.service.UserServiceTest,userRegister
java_class_path (initial): C:\Users\liyb\.m2\repository\org\junit\platform\junit-platform-launcher\1.10.3\junit-platform-launcher-1.10.3.jar;C:\Users\liyb\.m2\repository\org\junit\vintage\junit-vintage-engine\5.10.3\junit-vintage-engine-5.10.3.jar;D:\program\IntelliJ IDEA 2022.1.3\lib\idea_rt.jar;D:\program\IntelliJ IDEA 2022.1.3\plugins\junit\lib\junit5-rt.jar;D:\program\IntelliJ IDEA 2022.1.3\plugins\junit\lib\junit-rt.jar;D:\ProgramProjects\StarProject\user-center\user-center\target\test-classes;D:\ProgramProjects\StarProject\user-center\user-center\target\classes;C:\Users\liyb\.m2\repository\org\springframework\boot\spring-boot-starter-web\3.3.3\spring-boot-starter-web-3.3.3.jar;C:\Users\liyb\.m2\repository\org\springframework\boot\spring-boot-starter\3.3.3\spring-boot-starter-3.3.3.jar;C:\Users\liyb\.m2\repository\org\springframework\boot\spring-boot-starter-logging\3.3.3\spring-boot-starter-logging-3.3.3.jar;C:\Users\liyb\.m2\repository\ch\qos\logback\logback-classic\1.5.7\logback-classic-1.5.7.jar;C:\Users\liyb\.m2\repository\ch\qos\logback\logback-core\1.5.7\logback-core-1.5.7.jar;C:\Users\liyb\.m2\repository\org\apache\logging\log4j\log4j-to-slf4j\2.23.1\log4j-to-slf4j-2.23.1.jar;C:\Users\liyb\.m2\repository\org\apache\logging\log4j\log4j-api\2.23.1\log4j-api-2.23.1.jar;C:\Users\liyb\.m2\repository\org\slf4j\jul-to-slf4j\2.0.16\jul-to-slf4j-2.0.16.jar;C:\Users\liyb\.m2\repository\jakarta\annotation\jakarta.annotation-api\2.1.1\jakarta.annotation-api-2.1.1.jar;C:\Users\liyb\.m2\repository\org\yaml\snakeyaml\2.2\snakeyaml-2.2.jar;C:\Users\liyb\.m2\repository\org\springframework\boot\spring-boot-starter-json\3.3.3\spring-boot-starter-json-3.3.3.jar;C:\Users\liyb\.m2\repository\com\fasterxml\jackson\core\jackson-databind\2.17.2\jackson-databind-2.17.2.jar;C:\Users\liyb\.m2\repository\com\fasterxml\jackson\core\jackson-annotations\2.17.2\jackson-annotations-2.17.2.jar;C:\Users\liyb\.m2\repository\com\fasterxml\jackson\core\jackson-core\2.17.2\jackson-core-2.17
Launcher Type: SUN_STANDARD

[Global flags]
     intx CICompilerCount                          = 4                                         {product} {ergonomic}
     uint ConcGCThreads                            = 3                                         {product} {ergonomic}
     uint G1ConcRefinementThreads                  = 10                                        {product} {ergonomic}
   size_t G1HeapRegionSize                         = 2097152                                   {product} {ergonomic}
    uintx GCDrainStackTargetSize                   = 64                                        {product} {ergonomic}
   size_t InitialHeapSize                          = 266338304                                 {product} {ergonomic}
   size_t MarkStackSize                            = 4194304                                   {product} {ergonomic}
   size_t MaxHeapSize                              = 4242538496                                {product} {ergonomic}
   size_t MaxNewSize                               = 2543845376                                {product} {ergonomic}
   size_t MinHeapDeltaBytes                        = 2097152                                   {product} {ergonomic}
   size_t MinHeapSize                              = 8388608                                   {product} {ergonomic}
    uintx NonNMethodCodeHeapSize                   = 5839372                                {pd product} {ergonomic}
    uintx NonProfiledCodeHeapSize                  = 122909434                              {pd product} {ergonomic}
    uintx ProfiledCodeHeapSize                     = 122909434                              {pd product} {ergonomic}
    uintx ReservedCodeCacheSize                    = 251658240                              {pd product} {ergonomic}
     bool SegmentedCodeCache                       = true                                      {product} {ergonomic}
   size_t SoftMaxHeapSize                          = 4242538496                             {manageable} {ergonomic}
     bool UseCompressedClassPointers               = true                           {product lp64_product} {ergonomic}
     bool UseCompressedOops                        = true                           {product lp64_product} {ergonomic}
     bool UseG1GC                                  = true                                      {product} {ergonomic}
     bool UseLargePagesIndividualAllocation        = false                                  {pd product} {ergonomic}

Logging:
Log output configuration:
 #0: stdout all=warning uptime,level,tags
 #1: stderr all=off uptime,level,tags

Environment Variables:
JAVA_HOME=D:\Environment\jdk17
PATH=C:\Program Files\NVIDIA GPU Computing Toolkit\CUDA\v10.1\bin;C:\Program Files\NVIDIA GPU Computing Toolkit\CUDA\v10.1\libnvvp;C:\Program Files\Common Files\Oracle\Java\javapath;C:\Program Files\NVIDIA GPU Computing Toolkit\CUDA\v11.0\bin;C:\Program Files\NVIDIA GPU Computing Toolkit\CUDA\v11.0\libnvvp;C:\Program Files (x86)\Razer Chroma SDK\bin;C:\Program Files\Razer Chroma SDK\bin;C:\Program Files (x86)\Razer\ChromaBroadcast\bin;C:\Program Files\Razer\ChromaBroadcast\bin;C:\Windows\system32;C:\Windows;C:\Windows\System32\Wbem;C:\Windows\System32\WindowsPowerShell\v1.0\;C:\Windows\System32\OpenSSH\;D:\Environment\jdk11.0.6\bin;C:\Windows\system32\config\systemprofile\AppData\Local\Microsoft\WindowsApps;C:\Program Files\dotnet\;D:\Environment\Git\Git\cmd;C:\Program Files\MySQL\MySQL Server 5.7\bin;D:\softwore\Anaconda;D:\softwore\Anaconda\Library\bin;C:\Program Files (x86)\NVIDIA Corporation\PhysX\Common;C:\Program Files\NVIDIA Corporation\NVIDIA NvDLISR;C:\Program Files\NVIDIA Corporation\Nsight Compute 2019.4.0\;D:\Environment\node.js\;D:\Environment\node.js\node_global;D:\softwore\Anaconda;D:\softwore\Anaconda\Library\mingw-w64\bin;D:\softwore\Anaconda\Library\usr\bin;D:\softwore\Anaconda\Library\bin;D:\softwore\Anaconda\Scripts;C:\Users\liyb\AppData\Local\Microsoft\WindowsApps;D:\program\CLion 2022.1.2\bin;E:\play\yuanshen\³é¿¨ÖúÊÖ\Fiddler;D:\softwore\Bandzip\Band\;D:\Environment\node.js\node_global;;D:\program\WebStorm\WebStorm 2020.1\bin;
USERNAME=liyb
OS=Windows_NT
PROCESSOR_IDENTIFIER=Intel64 Family 6 Model 165 Stepping 2, GenuineIntel



---------------  S Y S T E M  ---------------

OS:
 Windows 10 , 64 bit Build 19041 (10.0.19041.1889)
OS uptime: 2 days 22:44 hours

CPU: total 12 (initial active 12) (6 cores per cpu, 2 threads per core) family 6 model 165 stepping 2 microcode 0xf4, cx8, cmov, fxsr, ht, mmx, 3dnowpref, sse, sse2, sse3, ssse3, sse4.1, sse4.2, popcnt, lzcnt, tsc, tscinvbit, avx, avx2, aes, erms, clmul, bmi1, bmi2, adx, fma, vzeroupper, clflush, clflushopt

Memory: 4k page, system-wide physical 16177M (2474M free)
TotalPageFile size 35291M (AvailPageFile size 5M)
current process WorkingSet (physical memory assigned to process): 260M, peak: 260M
current process commit charge ("private bytes"): 332M, peak: 425M

vm_info: Java HotSpot(TM) 64-Bit Server VM (17.0.10+11-LTS-240) for windows-amd64 JRE (17.0.10+11-LTS-240), built on Dec 19 2023 21:47:25 by "mach5one" with MS VC++ 17.1 (VS2022)

END.
